0    [main] INFO  com.crawljax.core.CrawljaxController  - Starting Crawljax...
1    [main] INFO  com.crawljax.core.CrawljaxController  - Used plugins:
13   [main] INFO  com.crawljax.core.plugin.CrawljaxPluginsUtil  - ca.ubc.javis.GetCandidateElements
13   [main] INFO  com.crawljax.core.plugin.CrawljaxPluginsUtil  - ca.ubc.javis.EdgeDividerPostPlugin
13   [main] INFO  com.crawljax.core.CrawljaxController  - Embedded browser implementation: firefox
13   [main] INFO  com.crawljax.core.CrawljaxController  - Number of threads: 1
13   [main] INFO  com.crawljax.core.CrawljaxController  - Crawl depth: 3
13   [main] INFO  com.crawljax.core.CrawljaxController  - Crawljax initialized!
19   [main] INFO  com.crawljax.core.CrawljaxController  - Start crawling with 1 crawl elements
25   [Thread 1 Crawler 1 (initial)] INFO  com.crawljax.core.CrawlerExecutor  - Starting new Crawler: Thread 1 Crawler 1 (initial)
6594 [Thread-3] INFO  com.crawljax.core.plugin.CrawljaxPluginsUtil  - Running PreCrawlingPlugins...
6595 [Thread-3] INFO  com.crawljax.core.plugin.CrawljaxPluginsUtil  - Running OnBrowserCreatedPlugins...
6595 [Thread 1 Crawler 1 (initial)] INFO  com.crawljax.core.Crawler  - Loading Page http://www.amazon.com
14746 [Thread 1 Crawler 1 (initial)] INFO  com.crawljax.core.plugin.CrawljaxPluginsUtil  - Running OnUrlLoadPlugins...
19289 [Thread 1 Crawler 1 (initial)] INFO  com.crawljax.core.plugin.CrawljaxPluginsUtil  - Running OnNewStatePlugins...
19334 [Thread 1 Crawler 1 (initial)] INFO  com.crawljax.core.CandidateElementExtractor  - Looking in state: index for candidate elements with 
19504 [Thread 1 Crawler 1 (initial)] INFO  com.crawljax.core.CandidateElementExtractor  - TAG: DIV
20592 [Thread 1 Crawler 1 (initial)] INFO  com.crawljax.core.CandidateElementExtractor  - TAG: DIV
20724 [Thread 1 Crawler 1 (initial)] INFO  com.crawljax.core.CandidateElementExtractor  - TAG: DIV
20831 [Thread 1 Crawler 1 (initial)] INFO  com.crawljax.core.CandidateElementExtractor  - TAG: DIV
20833 [Thread 1 Crawler 1 (initial)] INFO  com.crawljax.core.CandidateElementExtractor  - Found new candidate element: DIV: id=ap_container xpath /HTML[1]/BODY[1]/DIV[1] 
20833 [Thread 1 Crawler 1 (initial)] INFO  com.crawljax.core.CandidateElementExtractor  - Found new candidate element: DIV: style=position:absolute; left:0px; top:-500px; width:1px;height:1px; overflow:hidden; xpath /HTML[1]/BODY[1]/DIV[2] 
20833 [Thread 1 Crawler 1 (initial)] INFO  com.crawljax.core.CandidateElementExtractor  - Found new candidate element: DIV: class=nav-beacon nav-prime-menu nav-logo-large id=navbar xpath /HTML[1]/BODY[1]/HEADER[1]/DIV[1] 
20834 [Thread 1 Crawler 1 (initial)] INFO  com.crawljax.core.CandidateElementExtractor  - Found new candidate element: DIV: id=nav-cross-shop xpath /HTML[1]/BODY[1]/HEADER[1]/DIV[1]/DIV[1] 
20834 [Thread 1 Crawler 1 (initial)] INFO  com.crawljax.core.CandidateElementExtractor  - Found new candidate element: DIV: id=welcomeRowTable style=height:50px xpath /HTML[1]/BODY[1]/HEADER[1]/DIV[1]/DIV[1]/DIV[1] 
20834 [Thread 1 Crawler 1 (initial)] INFO  com.crawljax.core.CandidateElementExtractor  - Found new candidate element: DIV: id=nav-ad-background-style style=background-position: -800px 0px; background-image: url(http://g-ecx.images-amazon.com/images/G/01/img12/traffic/400x50/xsite-newyear_treadmill_400x50._V396363041_.png);  height: 56px; margin-bottom: -6px; position: relative;background-repeat: no-repeat; xpath /HTML[1]/BODY[1]/HEADER[1]/DIV[1]/DIV[1]/DIV[1]/DIV[1] 
20834 [Thread 1 Crawler 1 (initial)] INFO  com.crawljax.core.CandidateElementExtractor  - Found new candidate element: DIV: id=navSwmSlot xpath /HTML[1]/BODY[1]/HEADER[1]/DIV[1]/DIV[1]/DIV[1]/DIV[1]/DIV[1] 
20834 [Thread 1 Crawler 1 (initial)] INFO  com.crawljax.core.CandidateElementExtractor  - Found new candidate element: DIV: id=navSwmHoliday style=background-image: url(http://g-ecx.images-amazon.com/images/G/01/img12/traffic/400x50/xsite-newyear_treadmill_400x50._V396363041_.png); width: 400px; height: 50px; xpath /HTML[1]/BODY[1]/HEADER[1]/DIV[1]/DIV[1]/DIV[1]/DIV[1]/DIV[1]/DIV[1] 
20834 [Thread 1 Crawler 1 (initial)] INFO  com.crawljax.core.CandidateElementExtractor  - Found new candidate element: DIV: style=display: none; xpath /HTML[1]/BODY[1]/HEADER[1]/DIV[1]/DIV[1]/DIV[1]/DIV[1]/DIV[1]/DIV[2] 
20834 [Thread 1 Crawler 1 (initial)] INFO  com.crawljax.core.CandidateElementExtractor  - Found new candidate element: DIV: style=clear: both; xpath /HTML[1]/BODY[1]/HEADER[1]/DIV[1]/DIV[1]/DIV[2] 
20834 [Thread 1 Crawler 1 (initial)] INFO  com.crawljax.core.CandidateElementExtractor  - Found new candidate element: DIV: id=nav-bar-outer xpath /HTML[1]/BODY[1]/HEADER[1]/DIV[1]/DIV[2] 
20835 [Thread 1 Crawler 1 (initial)] INFO  com.crawljax.core.CandidateElementExtractor  - Found new candidate element: DIV: id=nav-logo-borderfade xpath /HTML[1]/BODY[1]/HEADER[1]/DIV[1]/DIV[2]/DIV[1] 
20835 [Thread 1 Crawler 1 (initial)] INFO  com.crawljax.core.CandidateElementExtractor  - Found new candidate element: DIV: class=nav-fade-mask xpath /HTML[1]/BODY[1]/HEADER[1]/DIV[1]/DIV[2]/DIV[1]/DIV[1] 
20835 [Thread 1 Crawler 1 (initial)] INFO  com.crawljax.core.CandidateElementExtractor  - Found new candidate element: DIV: class=nav-fade nav-sprite xpath /HTML[1]/BODY[1]/HEADER[1]/DIV[1]/DIV[2]/DIV[1]/DIV[2] 
20835 [Thread 1 Crawler 1 (initial)] INFO  com.crawljax.core.CandidateElementExtractor  - Found new candidate element: DIV: class=nav-sprite id=nav-bar-inner xpath /HTML[1]/BODY[1]/HEADER[1]/DIV[1]/DIV[2]/DIV[2] 
20835 [Thread 1 Crawler 1 (initial)] INFO  com.crawljax.core.CandidateElementExtractor  - Found new candidate element: DIV:  xpath /HTML[1]/BODY[1]/HEADER[1]/DIV[1]/DIV[2]/DIV[2]/DIV[1] 
20835 [Thread 1 Crawler 1 (initial)] INFO  com.crawljax.core.CandidateElementExtractor  - Found new candidate element: DIV: class=nav-searchfield-outer nav-sprite xpath /HTML[1]/BODY[1]/HEADER[1]/DIV[1]/DIV[2]/DIV[2]/DIV[1]/FORM[1]/DIV[1] 
20835 [Thread 1 Crawler 1 (initial)] INFO  com.crawljax.core.CandidateElementExtractor  - Found new candidate element: DIV: class=nav-searchfield-inner nav-sprite xpath /HTML[1]/BODY[1]/HEADER[1]/DIV[1]/DIV[2]/DIV[2]/DIV[1]/FORM[1]/DIV[1]/DIV[1] 
20835 [Thread 1 Crawler 1 (initial)] INFO  com.crawljax.core.CandidateElementExtractor  - Found new candidate element: DIV: class=nav-searchfield-width xpath /HTML[1]/BODY[1]/HEADER[1]/DIV[1]/DIV[2]/DIV[2]/DIV[1]/FORM[1]/DIV[1]/DIV[1]/DIV[1] 
20835 [Thread 1 Crawler 1 (initial)] INFO  com.crawljax.core.CandidateElementExtractor  - Found new candidate element: DIV: id=nav-iss-attach xpath /HTML[1]/BODY[1]/HEADER[1]/DIV[1]/DIV[2]/DIV[2]/DIV[1]/FORM[1]/DIV[1]/DIV[1]/DIV[1]/DIV[1] 
20835 [Thread 1 Crawler 1 (initial)] INFO  com.crawljax.core.CandidateElementExtractor  - Found new candidate element: DIV: class=nav-submit-button nav-sprite xpath /HTML[1]/BODY[1]/HEADER[1]/DIV[1]/DIV[2]/DIV[2]/DIV[1]/FORM[1]/DIV[2] 
20835 [Thread 1 Crawler 1 (initial)] INFO  com.crawljax.core.CandidateElementExtractor  - Found new candidate element: DIV: class= id=nav_exposed_anchor xpath /HTML[1]/BODY[1]/DIV[3] 
20835 [Thread 1 Crawler 1 (initial)] INFO  com.crawljax.core.CandidateElementExtractor  - Found new candidate element: DIV: class= id=nav_exposed_skin style=top: -8px; left: -15px; display: block; xpath /HTML[1]/BODY[1]/DIV[3]/DIV[1] 
20836 [Thread 1 Crawler 1 (initial)] INFO  com.crawljax.core.CandidateElementExtractor  - Found new candidate element: DIV: class=nav_pop_lr_min xpath /HTML[1]/BODY[1]/DIV[3]/DIV[1]/TABLE[1]/TBODY[1]/TR[1]/TD[1]/DIV[1] 
20836 [Thread 1 Crawler 1 (initial)] INFO  com.crawljax.core.CandidateElementExtractor  - Found new candidate element: DIV: class=nav_pop_lr_min xpath /HTML[1]/BODY[1]/DIV[3]/DIV[1]/TABLE[1]/TBODY[1]/TR[1]/TD[3]/DIV[1] 
20836 [Thread 1 Crawler 1 (initial)] INFO  com.crawljax.core.CandidateElementExtractor  - Found new candidate element: DIV: id=nav_exposed_cats xpath /HTML[1]/BODY[1]/DIV[3]/DIV[1]/TABLE[1]/TBODY[1]/TR[2]/TD[2]/DIV[1] 
20836 [Thread 1 Crawler 1 (initial)] INFO  com.crawljax.core.CandidateElementExtractor  - Found new candidate element: DIV: id=page-wrap xpath /HTML[1]/BODY[1]/DIV[4] 
20836 [Thread 1 Crawler 1 (initial)] INFO  com.crawljax.core.CandidateElementExtractor  - Found new candidate element: DIV: id=content xpath /HTML[1]/BODY[1]/DIV[4]/DIV[1] 
20836 [Thread 1 Crawler 1 (initial)] INFO  com.crawljax.core.CandidateElementExtractor  - Found new candidate element: DIV: id=leftcol style=display:none; xpath /HTML[1]/BODY[1]/DIV[4]/DIV[1]/DIV[1] 
20836 [Thread 1 Crawler 1 (initial)] INFO  com.crawljax.core.CandidateElementExtractor  - Found new candidate element: DIV: class=amabot_right id=rightcol style=clear:right; xpath /HTML[1]/BODY[1]/DIV[4]/DIV[1]/DIV[2] 
20836 [Thread 1 Crawler 1 (initial)] INFO  com.crawljax.core.CandidateElementExtractor  - Found new candidate element: DIV: style=display:none; xpath /HTML[1]/BODY[1]/DIV[4]/DIV[1]/DIV[2]/DIV[1] 
20836 [Thread 1 Crawler 1 (initial)] INFO  com.crawljax.core.CandidateElementExtractor  - Found new candidate element: DIV: id=DAr2 style=width:300px;height:280px; xpath /HTML[1]/BODY[1]/DIV[4]/DIV[1]/DIV[2]/DIV[2] 
20836 [Thread 1 Crawler 1 (initial)] INFO  com.crawljax.core.CandidateElementExtractor  - Found new candidate element: DIV: id=rightcolbtf2 xpath /HTML[1]/BODY[1]/DIV[4]/DIV[1]/DIV[2]/DIV[3] 
20837 [Thread 1 Crawler 1 (initial)] INFO  com.crawljax.core.CandidateElementExtractor  - Found new candidate element: DIV: style=display:none; xpath /HTML[1]/BODY[1]/DIV[4]/DIV[1]/DIV[2]/DIV[3]/DIV[1] 
20837 [Thread 1 Crawler 1 (initial)] INFO  com.crawljax.core.CandidateElementExtractor  - Found new candidate element: DIV: id=DAr7 style=width:300px;height:280px; xpath /HTML[1]/BODY[1]/DIV[4]/DIV[1]/DIV[2]/DIV[3]/DIV[2] 
20837 [Thread 1 Crawler 1 (initial)] INFO  com.crawljax.core.CandidateElementExtractor  - Found new candidate element: DIV: id=rightcolbtf2 xpath /HTML[1]/BODY[1]/DIV[4]/DIV[1]/DIV[2]/DIV[4] 
20837 [Thread 1 Crawler 1 (initial)] INFO  com.crawljax.core.CandidateElementExtractor  - Found new candidate element: DIV: style=height:200px; xpath /HTML[1]/BODY[1]/DIV[4]/DIV[1]/DIV[2]/DIV[4]/DIV[1] 
20837 [Thread 1 Crawler 1 (initial)] INFO  com.crawljax.core.CandidateElementExtractor  - Found new candidate element: DIV: class=bunkBed id=centerA style=visibility: visible; xpath /HTML[1]/BODY[1]/DIV[4]/DIV[1]/DIV[3] 
20837 [Thread 1 Crawler 1 (initial)] INFO  com.crawljax.core.CandidateElementExtractor  - Found new candidate element: DIV: class=unified_widget rcmBody xpath /HTML[1]/BODY[1]/DIV[4]/DIV[1]/DIV[3]/DIV[1] 
20837 [Thread 1 Crawler 1 (initial)] INFO  com.crawljax.core.CandidateElementExtractor  - Found new candidate element: DIV: class=bannerImage xpath /HTML[1]/BODY[1]/DIV[4]/DIV[1]/DIV[3]/DIV[1]/DIV[1] 
20837 [Thread 1 Crawler 1 (initial)] INFO  com.crawljax.core.CandidateElementExtractor  - Found new candidate element: DIV: class=h_rule xpath /HTML[1]/BODY[1]/DIV[4]/DIV[1]/DIV[3]/DIV[1]/DIV[2] 
20838 [Thread 1 Crawler 1 (initial)] INFO  com.crawljax.core.CandidateElementExtractor  - Found new candidate element: DIV: class=gwcswWrap id=gwcswA xpath /HTML[1]/BODY[1]/DIV[4]/DIV[1]/DIV[3]/DIV[2] 
20838 [Thread 1 Crawler 1 (initial)] INFO  com.crawljax.core.CandidateElementExtractor  - Found new candidate element: DIV: class=gwcswNav xpath /HTML[1]/BODY[1]/DIV[4]/DIV[1]/DIV[3]/DIV[2]/DIV[1] 
20838 [Thread 1 Crawler 1 (initial)] INFO  com.crawljax.core.CandidateElementExtractor  - Found new candidate element: DIV: class=gwcswNavWrap style=visibility: visible; xpath /HTML[1]/BODY[1]/DIV[4]/DIV[1]/DIV[3]/DIV[2]/DIV[1]/DIV[1] 
20838 [Thread 1 Crawler 1 (initial)] INFO  com.crawljax.core.CandidateElementExtractor  - Found new candidate element: DIV: class=gwcswTitle xpath /HTML[1]/BODY[1]/DIV[4]/DIV[1]/DIV[3]/DIV[2]/DIV[1]/DIV[1]/TABLE[1]/TBODY[1]/TR[1]/TD[1]/DIV[1] 
20838 [Thread 1 Crawler 1 (initial)] INFO  com.crawljax.core.CandidateElementExtractor  - Found new candidate element: DIV: class=gwcswTitle xpath /HTML[1]/BODY[1]/DIV[4]/DIV[1]/DIV[3]/DIV[2]/DIV[1]/DIV[1]/TABLE[1]/TBODY[1]/TR[1]/TD[2]/DIV[1] 
20838 [Thread 1 Crawler 1 (initial)] INFO  com.crawljax.core.CandidateElementExtractor  - Found new candidate element: DIV: class=gwcswTitle xpath /HTML[1]/BODY[1]/DIV[4]/DIV[1]/DIV[3]/DIV[2]/DIV[1]/DIV[1]/TABLE[1]/TBODY[1]/TR[1]/TD[3]/DIV[1] 
20838 [Thread 1 Crawler 1 (initial)] INFO  com.crawljax.core.CandidateElementExtractor  - Found new candidate element: DIV: class=gwcswTitle xpath /HTML[1]/BODY[1]/DIV[4]/DIV[1]/DIV[3]/DIV[2]/DIV[1]/DIV[1]/TABLE[1]/TBODY[1]/TR[1]/TD[4]/DIV[1] 
20838 [Thread 1 Crawler 1 (initial)] INFO  com.crawljax.core.CandidateElementExtractor  - Found new candidate element: DIV: class=gwcswTitle xpath /HTML[1]/BODY[1]/DIV[4]/DIV[1]/DIV[3]/DIV[2]/DIV[1]/DIV[1]/TABLE[1]/TBODY[1]/TR[1]/TD[5]/DIV[1] 
20838 [Thread 1 Crawler 1 (initial)] INFO  com.crawljax.core.CandidateElementExtractor  - Found new candidate element: DIV: class=gwcswTitle xpath /HTML[1]/BODY[1]/DIV[4]/DIV[1]/DIV[3]/DIV[2]/DIV[1]/DIV[1]/TABLE[1]/TBODY[1]/TR[1]/TD[6]/DIV[1] 
20838 [Thread 1 Crawler 1 (initial)] INFO  com.crawljax.core.CandidateElementExtractor  - Found new candidate element: DIV: class=gwcswTitle xpath /HTML[1]/BODY[1]/DIV[4]/DIV[1]/DIV[3]/DIV[2]/DIV[1]/DIV[1]/TABLE[1]/TBODY[1]/TR[1]/TD[7]/DIV[1] 
20839 [Thread 1 Crawler 1 (initial)] INFO  com.crawljax.core.CandidateElementExtractor  - Found new candidate element: DIV: class=gwcswSlots xpath /HTML[1]/BODY[1]/DIV[4]/DIV[1]/DIV[3]/DIV[2]/DIV[2] 
20839 [Thread 1 Crawler 1 (initial)] INFO  com.crawljax.core.CandidateElementExtractor  - Found new candidate element: DIV: class=gwcswSlot index=3 style=display:block; xpath /HTML[1]/BODY[1]/DIV[4]/DIV[1]/DIV[3]/DIV[2]/DIV[2]/DIV[1] 
20839 [Thread 1 Crawler 1 (initial)] INFO  com.crawljax.core.CandidateElementExtractor  - Found new candidate element: DIV: style=display:none; xpath /HTML[1]/BODY[1]/DIV[4]/DIV[1]/DIV[3]/DIV[2]/DIV[2]/DIV[1]/DIV[1] 
20839 [Thread 1 Crawler 1 (initial)] INFO  com.crawljax.core.CandidateElementExtractor  - Found new candidate element: DIV: id=title style=display:none; xpath /HTML[1]/BODY[1]/DIV[4]/DIV[1]/DIV[3]/DIV[2]/DIV[2]/DIV[1]/DIV[2] 
20839 [Thread 1 Crawler 1 (initial)] INFO  com.crawljax.core.CandidateElementExtractor  - Found new candidate element: DIV: id=hover style=display:none; xpath /HTML[1]/BODY[1]/DIV[4]/DIV[1]/DIV[3]/DIV[2]/DIV[2]/DIV[1]/DIV[3] 
20839 [Thread 1 Crawler 1 (initial)] INFO  com.crawljax.core.CandidateElementExtractor  - Found new candidate element: DIV: class=gwcswSlotWrap style=background-position: center center; background-repeat: no-repeat; xpath /HTML[1]/BODY[1]/DIV[4]/DIV[1]/DIV[3]/DIV[2]/DIV[2]/DIV[2] 
20839 [Thread 1 Crawler 1 (initial)] INFO  com.crawljax.core.CandidateElementExtractor  - Found new candidate element: DIV: class=gwcswSlot index=0 style=visibility: visible; xpath /HTML[1]/BODY[1]/DIV[4]/DIV[1]/DIV[3]/DIV[2]/DIV[2]/DIV[2]/DIV[1] 
20839 [Thread 1 Crawler 1 (initial)] INFO  com.crawljax.core.CandidateElementExtractor  - Found new candidate element: DIV: style=display:none; xpath /HTML[1]/BODY[1]/DIV[4]/DIV[1]/DIV[3]/DIV[2]/DIV[2]/DIV[2]/DIV[1]/DIV[1] 
20839 [Thread 1 Crawler 1 (initial)] INFO  com.crawljax.core.CandidateElementExtractor  - Found new candidate element: DIV: id=title style=display:none; xpath /HTML[1]/BODY[1]/DIV[4]/DIV[1]/DIV[3]/DIV[2]/DIV[2]/DIV[2]/DIV[1]/DIV[2] 
20839 [Thread 1 Crawler 1 (initial)] INFO  com.crawljax.core.CandidateElementExtractor  - Found new candidate element: DIV: id=hover style=display:none; xpath /HTML[1]/BODY[1]/DIV[4]/DIV[1]/DIV[3]/DIV[2]/DIV[2]/DIV[2]/DIV[1]/DIV[3] 
20840 [Thread 1 Crawler 1 (initial)] INFO  com.crawljax.core.CandidateElementExtractor  - Found new candidate element: DIV: class=gwcswSlotWrap style=background-position: center center; background-repeat: no-repeat; xpath /HTML[1]/BODY[1]/DIV[4]/DIV[1]/DIV[3]/DIV[2]/DIV[2]/DIV[3] 
20840 [Thread 1 Crawler 1 (initial)] INFO  com.crawljax.core.CandidateElementExtractor  - Found new candidate element: DIV: class=gwcswSlot index=1 style=visibility: visible; xpath /HTML[1]/BODY[1]/DIV[4]/DIV[1]/DIV[3]/DIV[2]/DIV[2]/DIV[3]/DIV[1] 
20840 [Thread 1 Crawler 1 (initial)] INFO  com.crawljax.core.CandidateElementExtractor  - Found new candidate element: DIV: style=display:none; xpath /HTML[1]/BODY[1]/DIV[4]/DIV[1]/DIV[3]/DIV[2]/DIV[2]/DIV[3]/DIV[1]/DIV[1] 
20840 [Thread 1 Crawler 1 (initial)] INFO  com.crawljax.core.CandidateElementExtractor  - Found new candidate element: DIV: id=title style=display:none; xpath /HTML[1]/BODY[1]/DIV[4]/DIV[1]/DIV[3]/DIV[2]/DIV[2]/DIV[3]/DIV[1]/DIV[2] 
20840 [Thread 1 Crawler 1 (initial)] INFO  com.crawljax.core.CandidateElementExtractor  - Found new candidate element: DIV: id=hover style=display:none; xpath /HTML[1]/BODY[1]/DIV[4]/DIV[1]/DIV[3]/DIV[2]/DIV[2]/DIV[3]/DIV[1]/DIV[3] 
20840 [Thread 1 Crawler 1 (initial)] INFO  com.crawljax.core.CandidateElementExtractor  - Found new candidate element: DIV: class=gwcswSlotWrap style=background-position: center center; background-repeat: no-repeat; xpath /HTML[1]/BODY[1]/DIV[4]/DIV[1]/DIV[3]/DIV[2]/DIV[2]/DIV[4] 
20840 [Thread 1 Crawler 1 (initial)] INFO  com.crawljax.core.CandidateElementExtractor  - Found new candidate element: DIV: class=gwcswSlot index=2 style=visibility: visible; xpath /HTML[1]/BODY[1]/DIV[4]/DIV[1]/DIV[3]/DIV[2]/DIV[2]/DIV[4]/DIV[1] 
20841 [Thread 1 Crawler 1 (initial)] INFO  com.crawljax.core.CandidateElementExtractor  - Found new candidate element: DIV: style=display:none; xpath /HTML[1]/BODY[1]/DIV[4]/DIV[1]/DIV[3]/DIV[2]/DIV[2]/DIV[4]/DIV[1]/DIV[1] 
20841 [Thread 1 Crawler 1 (initial)] INFO  com.crawljax.core.CandidateElementExtractor  - Found new candidate element: DIV: id=title style=display:none; xpath /HTML[1]/BODY[1]/DIV[4]/DIV[1]/DIV[3]/DIV[2]/DIV[2]/DIV[4]/DIV[1]/DIV[2] 
20841 [Thread 1 Crawler 1 (initial)] INFO  com.crawljax.core.CandidateElementExtractor  - Found new candidate element: DIV: id=hover style=display:none; xpath /HTML[1]/BODY[1]/DIV[4]/DIV[1]/DIV[3]/DIV[2]/DIV[2]/DIV[4]/DIV[1]/DIV[3] 
20841 [Thread 1 Crawler 1 (initial)] INFO  com.crawljax.core.CandidateElementExtractor  - Found new candidate element: DIV: class=gwcswSlotWrap style=background-position: center center; background-repeat: no-repeat; xpath /HTML[1]/BODY[1]/DIV[4]/DIV[1]/DIV[3]/DIV[2]/DIV[2]/DIV[5] 
20841 [Thread 1 Crawler 1 (initial)] INFO  com.crawljax.core.CandidateElementExtractor  - Found new candidate element: DIV: class=gwcswSlot index=4 style=visibility: visible; xpath /HTML[1]/BODY[1]/DIV[4]/DIV[1]/DIV[3]/DIV[2]/DIV[2]/DIV[5]/DIV[1] 
20841 [Thread 1 Crawler 1 (initial)] INFO  com.crawljax.core.CandidateElementExtractor  - Found new candidate element: DIV: style=display:none; xpath /HTML[1]/BODY[1]/DIV[4]/DIV[1]/DIV[3]/DIV[2]/DIV[2]/DIV[5]/DIV[1]/DIV[1] 
20841 [Thread 1 Crawler 1 (initial)] INFO  com.crawljax.core.CandidateElementExtractor  - Found new candidate element: DIV: id=title style=display:none; xpath /HTML[1]/BODY[1]/DIV[4]/DIV[1]/DIV[3]/DIV[2]/DIV[2]/DIV[5]/DIV[1]/DIV[2] 
20841 [Thread 1 Crawler 1 (initial)] INFO  com.crawljax.core.CandidateElementExtractor  - Found new candidate element: DIV: id=hover style=display:none; xpath /HTML[1]/BODY[1]/DIV[4]/DIV[1]/DIV[3]/DIV[2]/DIV[2]/DIV[5]/DIV[1]/DIV[3] 
20841 [Thread 1 Crawler 1 (initial)] INFO  com.crawljax.core.CandidateElementExtractor  - Found new candidate element: DIV: class=gwcswSlotWrap style=background-position: center center; background-repeat: no-repeat; xpath /HTML[1]/BODY[1]/DIV[4]/DIV[1]/DIV[3]/DIV[2]/DIV[2]/DIV[6] 
20841 [Thread 1 Crawler 1 (initial)] INFO  com.crawljax.core.CandidateElementExtractor  - Found new candidate element: DIV: class=gwcswSlot index=5 style=visibility: visible; xpath /HTML[1]/BODY[1]/DIV[4]/DIV[1]/DIV[3]/DIV[2]/DIV[2]/DIV[6]/DIV[1] 
20841 [Thread 1 Crawler 1 (initial)] INFO  com.crawljax.core.CandidateElementExtractor  - Found new candidate element: DIV: style=display:none; xpath /HTML[1]/BODY[1]/DIV[4]/DIV[1]/DIV[3]/DIV[2]/DIV[2]/DIV[6]/DIV[1]/DIV[1] 
20841 [Thread 1 Crawler 1 (initial)] INFO  com.crawljax.core.CandidateElementExtractor  - Found new candidate element: DIV: id=title style=display:none; xpath /HTML[1]/BODY[1]/DIV[4]/DIV[1]/DIV[3]/DIV[2]/DIV[2]/DIV[6]/DIV[1]/DIV[2] 
20842 [Thread 1 Crawler 1 (initial)] INFO  com.crawljax.core.CandidateElementExtractor  - Found new candidate element: DIV: id=hover style=display:none; xpath /HTML[1]/BODY[1]/DIV[4]/DIV[1]/DIV[3]/DIV[2]/DIV[2]/DIV[6]/DIV[1]/DIV[3] 
20842 [Thread 1 Crawler 1 (initial)] INFO  com.crawljax.core.CandidateElementExtractor  - Found new candidate element: DIV: class=gwcswSlotWrap style=background-position: center center; background-repeat: no-repeat; xpath /HTML[1]/BODY[1]/DIV[4]/DIV[1]/DIV[3]/DIV[2]/DIV[2]/DIV[7] 
20842 [Thread 1 Crawler 1 (initial)] INFO  com.crawljax.core.CandidateElementExtractor  - Found new candidate element: DIV: class=gwcswSlot index=6 style=visibility: visible; xpath /HTML[1]/BODY[1]/DIV[4]/DIV[1]/DIV[3]/DIV[2]/DIV[2]/DIV[7]/DIV[1] 
20842 [Thread 1 Crawler 1 (initial)] INFO  com.crawljax.core.CandidateElementExtractor  - Found new candidate element: DIV: style=display:none; xpath /HTML[1]/BODY[1]/DIV[4]/DIV[1]/DIV[3]/DIV[2]/DIV[2]/DIV[7]/DIV[1]/DIV[1] 
20842 [Thread 1 Crawler 1 (initial)] INFO  com.crawljax.core.CandidateElementExtractor  - Found new candidate element: DIV: id=title style=display:none; xpath /HTML[1]/BODY[1]/DIV[4]/DIV[1]/DIV[3]/DIV[2]/DIV[2]/DIV[7]/DIV[1]/DIV[2] 
20842 [Thread 1 Crawler 1 (initial)] INFO  com.crawljax.core.CandidateElementExtractor  - Found new candidate element: DIV: id=hover style=display:none; xpath /HTML[1]/BODY[1]/DIV[4]/DIV[1]/DIV[3]/DIV[2]/DIV[2]/DIV[7]/DIV[1]/DIV[3] 
20842 [Thread 1 Crawler 1 (initial)] INFO  com.crawljax.core.CandidateElementExtractor  - Found new candidate element: DIV: class=gwcswNotch style=left: 174.5px; top: 33px; display: block; xpath /HTML[1]/BODY[1]/DIV[4]/DIV[1]/DIV[3]/DIV[2]/DIV[3] 
20842 [Thread 1 Crawler 1 (initial)] INFO  com.crawljax.core.CandidateElementExtractor  - Found new candidate element: DIV: style=display: none xpath /HTML[1]/BODY[1]/DIV[4]/DIV[1]/DIV[4] 
20842 [Thread 1 Crawler 1 (initial)] INFO  com.crawljax.core.CandidateElementExtractor  - Found new candidate element: DIV: style=display: none xpath /HTML[1]/BODY[1]/DIV[4]/DIV[1]/DIV[5] 
20842 [Thread 1 Crawler 1 (initial)] INFO  com.crawljax.core.CandidateElementExtractor  - Found new candidate element: DIV: style=display: none; xpath /HTML[1]/BODY[1]/DIV[4]/DIV[1]/DIV[6] 
20842 [Thread 1 Crawler 1 (initial)] INFO  com.crawljax.core.CandidateElementExtractor  - Found new candidate element: DIV: class=bunkBed id=centerB style=visibility: visible; xpath /HTML[1]/BODY[1]/DIV[4]/DIV[1]/DIV[7] 
20842 [Thread 1 Crawler 1 (initial)] INFO  com.crawljax.core.CandidateElementExtractor  - Found new candidate element: DIV: class=gwcswWrap id=gwcswB xpath /HTML[1]/BODY[1]/DIV[4]/DIV[1]/DIV[7]/DIV[1] 
20842 [Thread 1 Crawler 1 (initial)] INFO  com.crawljax.core.CandidateElementExtractor  - Found new candidate element: DIV: class=gwcswNav xpath /HTML[1]/BODY[1]/DIV[4]/DIV[1]/DIV[7]/DIV[1]/DIV[1] 
20843 [Thread 1 Crawler 1 (initial)] INFO  com.crawljax.core.CandidateElementExtractor  - Found new candidate element: DIV: class=gwcswNavWrap style=visibility: visible; xpath /HTML[1]/BODY[1]/DIV[4]/DIV[1]/DIV[7]/DIV[1]/DIV[1]/DIV[1] 
20843 [Thread 1 Crawler 1 (initial)] INFO  com.crawljax.core.CandidateElementExtractor  - Found new candidate element: DIV: class=gwcswTitle xpath /HTML[1]/BODY[1]/DIV[4]/DIV[1]/DIV[7]/DIV[1]/DIV[1]/DIV[1]/TABLE[1]/TBODY[1]/TR[1]/TD[1]/DIV[1] 
20843 [Thread 1 Crawler 1 (initial)] INFO  com.crawljax.core.CandidateElementExtractor  - Found new candidate element: DIV: class=gwcswTitle xpath /HTML[1]/BODY[1]/DIV[4]/DIV[1]/DIV[7]/DIV[1]/DIV[1]/DIV[1]/TABLE[1]/TBODY[1]/TR[1]/TD[2]/DIV[1] 
20843 [Thread 1 Crawler 1 (initial)] INFO  com.crawljax.core.CandidateElementExtractor  - Found new candidate element: DIV: class=gwcswTitle xpath /HTML[1]/BODY[1]/DIV[4]/DIV[1]/DIV[7]/DIV[1]/DIV[1]/DIV[1]/TABLE[1]/TBODY[1]/TR[1]/TD[3]/DIV[1] 
20843 [Thread 1 Crawler 1 (initial)] INFO  com.crawljax.core.CandidateElementExtractor  - Found new candidate element: DIV: class=gwcswSlots xpath /HTML[1]/BODY[1]/DIV[4]/DIV[1]/DIV[7]/DIV[1]/DIV[2] 
20843 [Thread 1 Crawler 1 (initial)] INFO  com.crawljax.core.CandidateElementExtractor  - Found new candidate element: DIV: class=gwcswSlot index=1 style=display:block; xpath /HTML[1]/BODY[1]/DIV[4]/DIV[1]/DIV[7]/DIV[1]/DIV[2]/DIV[1] 
20843 [Thread 1 Crawler 1 (initial)] INFO  com.crawljax.core.CandidateElementExtractor  - Found new candidate element: DIV: style=display:none; xpath /HTML[1]/BODY[1]/DIV[4]/DIV[1]/DIV[7]/DIV[1]/DIV[2]/DIV[1]/DIV[1] 
20843 [Thread 1 Crawler 1 (initial)] INFO  com.crawljax.core.CandidateElementExtractor  - Found new candidate element: DIV: id=title style=display:none; xpath /HTML[1]/BODY[1]/DIV[4]/DIV[1]/DIV[7]/DIV[1]/DIV[2]/DIV[1]/DIV[2] 
20843 [Thread 1 Crawler 1 (initial)] INFO  com.crawljax.core.CandidateElementExtractor  - Found new candidate element: DIV: id=hover style=display:none; xpath /HTML[1]/BODY[1]/DIV[4]/DIV[1]/DIV[7]/DIV[1]/DIV[2]/DIV[1]/DIV[3] 
20843 [Thread 1 Crawler 1 (initial)] INFO  com.crawljax.core.CandidateElementExtractor  - Found new candidate element: DIV: class=gwcswSlotWrap style=background-position: center center; background-repeat: no-repeat; xpath /HTML[1]/BODY[1]/DIV[4]/DIV[1]/DIV[7]/DIV[1]/DIV[2]/DIV[2] 
20843 [Thread 1 Crawler 1 (initial)] INFO  com.crawljax.core.CandidateElementExtractor  - Found new candidate element: DIV: class=gwcswSlot index=0 style=visibility: visible; xpath /HTML[1]/BODY[1]/DIV[4]/DIV[1]/DIV[7]/DIV[1]/DIV[2]/DIV[2]/DIV[1] 
20843 [Thread 1 Crawler 1 (initial)] INFO  com.crawljax.core.CandidateElementExtractor  - Found new candidate element: DIV: style=display:none; xpath /HTML[1]/BODY[1]/DIV[4]/DIV[1]/DIV[7]/DIV[1]/DIV[2]/DIV[2]/DIV[1]/DIV[1] 
20843 [Thread 1 Crawler 1 (initial)] INFO  com.crawljax.core.CandidateElementExtractor  - Found new candidate element: DIV: id=title style=display:none; xpath /HTML[1]/BODY[1]/DIV[4]/DIV[1]/DIV[7]/DIV[1]/DIV[2]/DIV[2]/DIV[1]/DIV[2] 
20844 [Thread 1 Crawler 1 (initial)] INFO  com.crawljax.core.CandidateElementExtractor  - Found new candidate element: DIV: id=hover style=display:none; xpath /HTML[1]/BODY[1]/DIV[4]/DIV[1]/DIV[7]/DIV[1]/DIV[2]/DIV[2]/DIV[1]/DIV[3] 
20844 [Thread 1 Crawler 1 (initial)] INFO  com.crawljax.core.CandidateElementExtractor  - Found new candidate element: DIV: class=gwcswSlotWrap style=background-position: center center; background-repeat: no-repeat; xpath /HTML[1]/BODY[1]/DIV[4]/DIV[1]/DIV[7]/DIV[1]/DIV[2]/DIV[3] 
20844 [Thread 1 Crawler 1 (initial)] INFO  com.crawljax.core.CandidateElementExtractor  - Found new candidate element: DIV: class=gwcswSlot index=2 style=visibility: visible; xpath /HTML[1]/BODY[1]/DIV[4]/DIV[1]/DIV[7]/DIV[1]/DIV[2]/DIV[3]/DIV[1] 
20844 [Thread 1 Crawler 1 (initial)] INFO  com.crawljax.core.CandidateElementExtractor  - Found new candidate element: DIV: style=display:none; xpath /HTML[1]/BODY[1]/DIV[4]/DIV[1]/DIV[7]/DIV[1]/DIV[2]/DIV[3]/DIV[1]/DIV[1] 
20844 [Thread 1 Crawler 1 (initial)] INFO  com.crawljax.core.CandidateElementExtractor  - Found new candidate element: DIV: id=title style=display:none; xpath /HTML[1]/BODY[1]/DIV[4]/DIV[1]/DIV[7]/DIV[1]/DIV[2]/DIV[3]/DIV[1]/DIV[2] 
20844 [Thread 1 Crawler 1 (initial)] INFO  com.crawljax.core.CandidateElementExtractor  - Found new candidate element: DIV: id=hover style=display:none; xpath /HTML[1]/BODY[1]/DIV[4]/DIV[1]/DIV[7]/DIV[1]/DIV[2]/DIV[3]/DIV[1]/DIV[3] 
20844 [Thread 1 Crawler 1 (initial)] INFO  com.crawljax.core.CandidateElementExtractor  - Found new candidate element: DIV: class=gwcswNotch style=left: 196px; top: 33px; display: block; xpath /HTML[1]/BODY[1]/DIV[4]/DIV[1]/DIV[7]/DIV[1]/DIV[3] 
20844 [Thread 1 Crawler 1 (initial)] INFO  com.crawljax.core.CandidateElementExtractor  - Found new candidate element: DIV: class=amabot_center id=centercol xpath /HTML[1]/BODY[1]/DIV[4]/DIV[1]/DIV[8] 
20844 [Thread 1 Crawler 1 (initial)] INFO  com.crawljax.core.CandidateElementExtractor  - Found new candidate element: DIV: class=unified_widget blurb xpath /HTML[1]/BODY[1]/DIV[4]/DIV[1]/DIV[8]/DIV[1] 
20844 [Thread 1 Crawler 1 (initial)] INFO  com.crawljax.core.CandidateElementExtractor  - Found new candidate element: DIV: class=row xpath /HTML[1]/BODY[1]/DIV[4]/DIV[1]/DIV[8]/DIV[1]/DIV[1] 
20844 [Thread 1 Crawler 1 (initial)] INFO  com.crawljax.core.CandidateElementExtractor  - Found new candidate element: DIV: class=asinItem xpath /HTML[1]/BODY[1]/DIV[4]/DIV[1]/DIV[8]/DIV[1]/DIV[1]/DIV[1] 
20844 [Thread 1 Crawler 1 (initial)] INFO  com.crawljax.core.CandidateElementExtractor  - Found new candidate element: DIV: class=prodImage xpath /HTML[1]/BODY[1]/DIV[4]/DIV[1]/DIV[8]/DIV[1]/DIV[1]/DIV[1]/DIV[1] 
20844 [Thread 1 Crawler 1 (initial)] INFO  com.crawljax.core.CandidateElementExtractor  - Found new candidate element: DIV: class=asinTextBlock xpath /HTML[1]/BODY[1]/DIV[4]/DIV[1]/DIV[8]/DIV[1]/DIV[1]/DIV[1]/DIV[2] 
20845 [Thread 1 Crawler 1 (initial)] INFO  com.crawljax.core.CandidateElementExtractor  - Found new candidate element: DIV: class=title xpath /HTML[1]/BODY[1]/DIV[4]/DIV[1]/DIV[8]/DIV[1]/DIV[1]/DIV[1]/DIV[2]/DIV[1] 
20845 [Thread 1 Crawler 1 (initial)] INFO  com.crawljax.core.CandidateElementExtractor  - Found new candidate element: DIV: class=asinItem xpath /HTML[1]/BODY[1]/DIV[4]/DIV[1]/DIV[8]/DIV[1]/DIV[1]/DIV[2] 
20845 [Thread 1 Crawler 1 (initial)] INFO  com.crawljax.core.CandidateElementExtractor  - Found new candidate element: DIV: class=prodImage xpath /HTML[1]/BODY[1]/DIV[4]/DIV[1]/DIV[8]/DIV[1]/DIV[1]/DIV[2]/DIV[1] 
20845 [Thread 1 Crawler 1 (initial)] INFO  com.crawljax.core.CandidateElementExtractor  - Found new candidate element: DIV: class=asinTextBlock xpath /HTML[1]/BODY[1]/DIV[4]/DIV[1]/DIV[8]/DIV[1]/DIV[1]/DIV[2]/DIV[2] 
20845 [Thread 1 Crawler 1 (initial)] INFO  com.crawljax.core.CandidateElementExtractor  - Found new candidate element: DIV: class=title xpath /HTML[1]/BODY[1]/DIV[4]/DIV[1]/DIV[8]/DIV[1]/DIV[1]/DIV[2]/DIV[2]/DIV[1] 
20845 [Thread 1 Crawler 1 (initial)] INFO  com.crawljax.core.CandidateElementExtractor  - Found new candidate element: DIV: class=asinItem xpath /HTML[1]/BODY[1]/DIV[4]/DIV[1]/DIV[8]/DIV[1]/DIV[1]/DIV[3] 
20845 [Thread 1 Crawler 1 (initial)] INFO  com.crawljax.core.CandidateElementExtractor  - Found new candidate element: DIV: class=prodImage xpath /HTML[1]/BODY[1]/DIV[4]/DIV[1]/DIV[8]/DIV[1]/DIV[1]/DIV[3]/DIV[1] 
20845 [Thread 1 Crawler 1 (initial)] INFO  com.crawljax.core.CandidateElementExtractor  - Found new candidate element: DIV: class=asinTextBlock xpath /HTML[1]/BODY[1]/DIV[4]/DIV[1]/DIV[8]/DIV[1]/DIV[1]/DIV[3]/DIV[2] 
20845 [Thread 1 Crawler 1 (initial)] INFO  com.crawljax.core.CandidateElementExtractor  - Found new candidate element: DIV: class=title xpath /HTML[1]/BODY[1]/DIV[4]/DIV[1]/DIV[8]/DIV[1]/DIV[1]/DIV[3]/DIV[2]/DIV[1] 
20845 [Thread 1 Crawler 1 (initial)] INFO  com.crawljax.core.CandidateElementExtractor  - Found new candidate element: DIV: class=row xpath /HTML[1]/BODY[1]/DIV[4]/DIV[1]/DIV[8]/DIV[1]/DIV[2] 
20845 [Thread 1 Crawler 1 (initial)] INFO  com.crawljax.core.CandidateElementExtractor  - Found new candidate element: DIV: class=asinItem xpath /HTML[1]/BODY[1]/DIV[4]/DIV[1]/DIV[8]/DIV[1]/DIV[2]/DIV[1] 
20845 [Thread 1 Crawler 1 (initial)] INFO  com.crawljax.core.CandidateElementExtractor  - Found new candidate element: DIV: class=asinTextBlock xpath /HTML[1]/BODY[1]/DIV[4]/DIV[1]/DIV[8]/DIV[1]/DIV[2]/DIV[1]/DIV[1] 
20845 [Thread 1 Crawler 1 (initial)] INFO  com.crawljax.core.CandidateElementExtractor  - Found new candidate element: DIV: class=h_rule xpath /HTML[1]/BODY[1]/DIV[4]/DIV[1]/DIV[8]/DIV[1]/DIV[3] 
20846 [Thread 1 Crawler 1 (initial)] INFO  com.crawljax.core.CandidateElementExtractor  - Found new candidate element: DIV: class=unified_widget rcm widget small_heading s9Widget s9Multipack id=ns_1HE90YWMJP62B8EAGGCQ_6570_Widget xpath /HTML[1]/BODY[1]/DIV[4]/DIV[1]/DIV[8]/DIV[2] 
20846 [Thread 1 Crawler 1 (initial)] INFO  com.crawljax.core.CandidateElementExtractor  - Found new candidate element: DIV: class=row s9m4 id=ns_1HE90YWMJP62B8EAGGCQ_6570_r0ItemRow xpath /HTML[1]/BODY[1]/DIV[4]/DIV[1]/DIV[8]/DIV[2]/DIV[1] 
20846 [Thread 1 Crawler 1 (initial)] INFO  com.crawljax.core.CandidateElementExtractor  - Found new candidate element: DIV: class=s9OtherItems style=float: left; width: 100% xpath /HTML[1]/BODY[1]/DIV[4]/DIV[1]/DIV[8]/DIV[2]/DIV[1]/DIV[1] 
20846 [Thread 1 Crawler 1 (initial)] INFO  com.crawljax.core.CandidateElementExtractor  - Found new candidate element: DIV: class=fluid asin s9a0 style=float: left; width: 33.1% xpath /HTML[1]/BODY[1]/DIV[4]/DIV[1]/DIV[8]/DIV[2]/DIV[1]/DIV[1]/DIV[1] 
20846 [Thread 1 Crawler 1 (initial)] INFO  com.crawljax.core.CandidateElementExtractor  - Found new candidate element: DIV: class=inner xpath /HTML[1]/BODY[1]/DIV[4]/DIV[1]/DIV[8]/DIV[2]/DIV[1]/DIV[1]/DIV[1]/DIV[1] 
20846 [Thread 1 Crawler 1 (initial)] INFO  com.crawljax.core.CandidateElementExtractor  - Found new candidate element: DIV: class=s9hl style=position: relative xpath /HTML[1]/BODY[1]/DIV[4]/DIV[1]/DIV[8]/DIV[2]/DIV[1]/DIV[1]/DIV[1]/DIV[1]/DIV[1] 
20846 [Thread 1 Crawler 1 (initial)] INFO  com.crawljax.core.CandidateElementExtractor  - Found new candidate element: DIV: class=imageContainer xpath /HTML[1]/BODY[1]/DIV[4]/DIV[1]/DIV[8]/DIV[2]/DIV[1]/DIV[1]/DIV[1]/DIV[1]/DIV[1]/A[1]/DIV[1] 
20846 [Thread 1 Crawler 1 (initial)] INFO  com.crawljax.core.CandidateElementExtractor  - Found new candidate element: DIV: class=t11 xpath /HTML[1]/BODY[1]/DIV[4]/DIV[1]/DIV[8]/DIV[2]/DIV[1]/DIV[1]/DIV[1]/DIV[1]/DIV[1]/DIV[1] 
20846 [Thread 1 Crawler 1 (initial)] INFO  com.crawljax.core.CandidateElementExtractor  - Found new candidate element: DIV: class=gry t11 nt xpath /HTML[1]/BODY[1]/DIV[4]/DIV[1]/DIV[8]/DIV[2]/DIV[1]/DIV[1]/DIV[1]/DIV[1]/DIV[1]/DIV[2] 
20846 [Thread 1 Crawler 1 (initial)] INFO  com.crawljax.core.CandidateElementExtractor  - Found new candidate element: DIV: class=s9CustomerReviews xpath /HTML[1]/BODY[1]/DIV[4]/DIV[1]/DIV[8]/DIV[2]/DIV[1]/DIV[1]/DIV[1]/DIV[1]/DIV[1]/DIV[3] 
20847 [Thread 1 Crawler 1 (initial)] INFO  com.crawljax.core.CandidateElementExtractor  - Found new candidate element: DIV: class=s9Stars s9Stars_5_0 xpath /HTML[1]/BODY[1]/DIV[4]/DIV[1]/DIV[8]/DIV[2]/DIV[1]/DIV[1]/DIV[1]/DIV[1]/DIV[1]/DIV[3]/DIV[1] 
20847 [Thread 1 Crawler 1 (initial)] INFO  com.crawljax.core.CandidateElementExtractor  - Found new candidate element: DIV: class=fluid asin s9a1 style=float: left; width: 33.1% xpath /HTML[1]/BODY[1]/DIV[4]/DIV[1]/DIV[8]/DIV[2]/DIV[1]/DIV[1]/DIV[2] 
20847 [Thread 1 Crawler 1 (initial)] INFO  com.crawljax.core.CandidateElementExtractor  - Found new candidate element: DIV: class=inner xpath /HTML[1]/BODY[1]/DIV[4]/DIV[1]/DIV[8]/DIV[2]/DIV[1]/DIV[1]/DIV[2]/DIV[1] 
20847 [Thread 1 Crawler 1 (initial)] INFO  com.crawljax.core.CandidateElementExtractor  - Found new candidate element: DIV: class=s9hl style=position: relative xpath /HTML[1]/BODY[1]/DIV[4]/DIV[1]/DIV[8]/DIV[2]/DIV[1]/DIV[1]/DIV[2]/DIV[1]/DIV[1] 
20847 [Thread 1 Crawler 1 (initial)] INFO  com.crawljax.core.CandidateElementExtractor  - Found new candidate element: DIV: class=imageContainer xpath /HTML[1]/BODY[1]/DIV[4]/DIV[1]/DIV[8]/DIV[2]/DIV[1]/DIV[1]/DIV[2]/DIV[1]/DIV[1]/A[1]/DIV[1] 
20847 [Thread 1 Crawler 1 (initial)] INFO  com.crawljax.core.CandidateElementExtractor  - Found new candidate element: DIV: class=s9CustomerReviews xpath /HTML[1]/BODY[1]/DIV[4]/DIV[1]/DIV[8]/DIV[2]/DIV[1]/DIV[1]/DIV[2]/DIV[1]/DIV[1]/DIV[1] 
20847 [Thread 1 Crawler 1 (initial)] INFO  com.crawljax.core.CandidateElementExtractor  - Found new candidate element: DIV: class=s9Stars s9Stars_4_5 xpath /HTML[1]/BODY[1]/DIV[4]/DIV[1]/DIV[8]/DIV[2]/DIV[1]/DIV[1]/DIV[2]/DIV[1]/DIV[1]/DIV[1]/DIV[1] 
20847 [Thread 1 Crawler 1 (initial)] INFO  com.crawljax.core.CandidateElementExtractor  - Found new candidate element: DIV: class=fluid asin s9a2 style=float: left; width: 33.1% xpath /HTML[1]/BODY[1]/DIV[4]/DIV[1]/DIV[8]/DIV[2]/DIV[1]/DIV[1]/DIV[3] 
20847 [Thread 1 Crawler 1 (initial)] INFO  com.crawljax.core.CandidateElementExtractor  - Found new candidate element: DIV: class=inner xpath /HTML[1]/BODY[1]/DIV[4]/DIV[1]/DIV[8]/DIV[2]/DIV[1]/DIV[1]/DIV[3]/DIV[1] 
20847 [Thread 1 Crawler 1 (initial)] INFO  com.crawljax.core.CandidateElementExtractor  - Found new candidate element: DIV: class=s9hl style=position: relative xpath /HTML[1]/BODY[1]/DIV[4]/DIV[1]/DIV[8]/DIV[2]/DIV[1]/DIV[1]/DIV[3]/DIV[1]/DIV[1] 
20847 [Thread 1 Crawler 1 (initial)] INFO  com.crawljax.core.CandidateElementExtractor  - Found new candidate element: DIV: class=imageContainer xpath /HTML[1]/BODY[1]/DIV[4]/DIV[1]/DIV[8]/DIV[2]/DIV[1]/DIV[1]/DIV[3]/DIV[1]/DIV[1]/A[1]/DIV[1] 
20848 [Thread 1 Crawler 1 (initial)] INFO  com.crawljax.core.CandidateElementExtractor  - Found new candidate element: DIV: class=t11 xpath /HTML[1]/BODY[1]/DIV[4]/DIV[1]/DIV[8]/DIV[2]/DIV[1]/DIV[1]/DIV[3]/DIV[1]/DIV[1]/DIV[1] 
20848 [Thread 1 Crawler 1 (initial)] INFO  com.crawljax.core.CandidateElementExtractor  - Found new candidate element: DIV: class=s9CustomerReviews xpath /HTML[1]/BODY[1]/DIV[4]/DIV[1]/DIV[8]/DIV[2]/DIV[1]/DIV[1]/DIV[3]/DIV[1]/DIV[1]/DIV[2] 
20848 [Thread 1 Crawler 1 (initial)] INFO  com.crawljax.core.CandidateElementExtractor  - Found new candidate element: DIV: class=s9Stars s9Stars_4_5 xpath /HTML[1]/BODY[1]/DIV[4]/DIV[1]/DIV[8]/DIV[2]/DIV[1]/DIV[1]/DIV[3]/DIV[1]/DIV[1]/DIV[2]/DIV[1] 
20848 [Thread 1 Crawler 1 (initial)] INFO  com.crawljax.core.CandidateElementExtractor  - Found new candidate element: DIV: class=fluid asin s9a3 style=float: left; width: 33.1%; display: none xpath /HTML[1]/BODY[1]/DIV[4]/DIV[1]/DIV[8]/DIV[2]/DIV[1]/DIV[1]/DIV[4] 
20848 [Thread 1 Crawler 1 (initial)] INFO  com.crawljax.core.CandidateElementExtractor  - Found new candidate element: DIV: class=fluid asin s9a4 style=float: left; width: 33.1%; display: none xpath /HTML[1]/BODY[1]/DIV[4]/DIV[1]/DIV[8]/DIV[2]/DIV[1]/DIV[1]/DIV[5] 
20848 [Thread 1 Crawler 1 (initial)] INFO  com.crawljax.core.CandidateElementExtractor  - Found new candidate element: DIV: class=fluid asin s9a5 style=float: left; width: 33.1%; display: none xpath /HTML[1]/BODY[1]/DIV[4]/DIV[1]/DIV[8]/DIV[2]/DIV[1]/DIV[1]/DIV[6] 
20848 [Thread 1 Crawler 1 (initial)] INFO  com.crawljax.core.CandidateElementExtractor  - Found new candidate element: DIV: class=fluid asin s9a6 style=float: left; width: 33.1%; display: none xpath /HTML[1]/BODY[1]/DIV[4]/DIV[1]/DIV[8]/DIV[2]/DIV[1]/DIV[1]/DIV[7] 
20848 [Thread 1 Crawler 1 (initial)] INFO  com.crawljax.core.CandidateElementExtractor  - Found new candidate element: DIV: style=clear: left; width: 100%; height: 1px; margin: 0; padding: 0; overflow: hidden xpath /HTML[1]/BODY[1]/DIV[4]/DIV[1]/DIV[8]/DIV[2]/DIV[2] 
20848 [Thread 1 Crawler 1 (initial)] INFO  com.crawljax.core.CandidateElementExtractor  - Found new candidate element: DIV: class=h_rule xpath /HTML[1]/BODY[1]/DIV[4]/DIV[1]/DIV[8]/DIV[2]/DIV[3] 
20848 [Thread 1 Crawler 1 (initial)] INFO  com.crawljax.core.CandidateElementExtractor  - Found new candidate element: DIV: class=unified_widget rcm widget small_heading s9Widget s9Multipack id=ns_1HE90YWMJP62B8EAGGCQ_6571_Widget xpath /HTML[1]/BODY[1]/DIV[4]/DIV[1]/DIV[8]/DIV[3] 
20848 [Thread 1 Crawler 1 (initial)] INFO  com.crawljax.core.CandidateElementExtractor  - Found new candidate element: DIV: class=row s9m4 id=ns_1HE90YWMJP62B8EAGGCQ_6571_r0ItemRow xpath /HTML[1]/BODY[1]/DIV[4]/DIV[1]/DIV[8]/DIV[3]/DIV[1] 
20848 [Thread 1 Crawler 1 (initial)] INFO  com.crawljax.core.CandidateElementExtractor  - Found new candidate element: DIV: class=s9OtherItems style=float: left; width: 100% xpath /HTML[1]/BODY[1]/DIV[4]/DIV[1]/DIV[8]/DIV[3]/DIV[1]/DIV[1] 
20849 [Thread 1 Crawler 1 (initial)] INFO  com.crawljax.core.CandidateElementExtractor  - Found new candidate element: DIV: class=fluid asin s9a0 style=float: left; width: 33.1% xpath /HTML[1]/BODY[1]/DIV[4]/DIV[1]/DIV[8]/DIV[3]/DIV[1]/DIV[1]/DIV[1] 
20849 [Thread 1 Crawler 1 (initial)] INFO  com.crawljax.core.CandidateElementExtractor  - Found new candidate element: DIV: class=inner xpath /HTML[1]/BODY[1]/DIV[4]/DIV[1]/DIV[8]/DIV[3]/DIV[1]/DIV[1]/DIV[1]/DIV[1] 
20849 [Thread 1 Crawler 1 (initial)] INFO  com.crawljax.core.CandidateElementExtractor  - Found new candidate element: DIV: class=s9hl style=position: relative xpath /HTML[1]/BODY[1]/DIV[4]/DIV[1]/DIV[8]/DIV[3]/DIV[1]/DIV[1]/DIV[1]/DIV[1]/DIV[1] 
20849 [Thread 1 Crawler 1 (initial)] INFO  com.crawljax.core.CandidateElementExtractor  - Found new candidate element: DIV: class=imageContainer xpath /HTML[1]/BODY[1]/DIV[4]/DIV[1]/DIV[8]/DIV[3]/DIV[1]/DIV[1]/DIV[1]/DIV[1]/DIV[1]/A[1]/DIV[1] 
20849 [Thread 1 Crawler 1 (initial)] INFO  com.crawljax.core.CandidateElementExtractor  - Found new candidate element: DIV: class=s9CustomerReviews xpath /HTML[1]/BODY[1]/DIV[4]/DIV[1]/DIV[8]/DIV[3]/DIV[1]/DIV[1]/DIV[1]/DIV[1]/DIV[1]/DIV[1] 
20849 [Thread 1 Crawler 1 (initial)] INFO  com.crawljax.core.CandidateElementExtractor  - Found new candidate element: DIV: class=s9Stars s9Stars_4_0 xpath /HTML[1]/BODY[1]/DIV[4]/DIV[1]/DIV[8]/DIV[3]/DIV[1]/DIV[1]/DIV[1]/DIV[1]/DIV[1]/DIV[1]/DIV[1] 
20849 [Thread 1 Crawler 1 (initial)] INFO  com.crawljax.core.CandidateElementExtractor  - Found new candidate element: DIV: class=fluid asin s9a1 style=float: left; width: 33.1% xpath /HTML[1]/BODY[1]/DIV[4]/DIV[1]/DIV[8]/DIV[3]/DIV[1]/DIV[1]/DIV[2] 
20849 [Thread 1 Crawler 1 (initial)] INFO  com.crawljax.core.CandidateElementExtractor  - Found new candidate element: DIV: class=inner xpath /HTML[1]/BODY[1]/DIV[4]/DIV[1]/DIV[8]/DIV[3]/DIV[1]/DIV[1]/DIV[2]/DIV[1] 
20849 [Thread 1 Crawler 1 (initial)] INFO  com.crawljax.core.CandidateElementExtractor  - Found new candidate element: DIV: class=s9hl style=position: relative xpath /HTML[1]/BODY[1]/DIV[4]/DIV[1]/DIV[8]/DIV[3]/DIV[1]/DIV[1]/DIV[2]/DIV[1]/DIV[1] 
20849 [Thread 1 Crawler 1 (initial)] INFO  com.crawljax.core.CandidateElementExtractor  - Found new candidate element: DIV: class=imageContainer xpath /HTML[1]/BODY[1]/DIV[4]/DIV[1]/DIV[8]/DIV[3]/DIV[1]/DIV[1]/DIV[2]/DIV[1]/DIV[1]/A[1]/DIV[1] 
20849 [Thread 1 Crawler 1 (initial)] INFO  com.crawljax.core.CandidateElementExtractor  - Found new candidate element: DIV: class=s9CustomerReviews xpath /HTML[1]/BODY[1]/DIV[4]/DIV[1]/DIV[8]/DIV[3]/DIV[1]/DIV[1]/DIV[2]/DIV[1]/DIV[1]/DIV[1] 
20850 [Thread 1 Crawler 1 (initial)] INFO  com.crawljax.core.CandidateElementExtractor  - Found new candidate element: DIV: class=s9Stars s9Stars_5_0 xpath /HTML[1]/BODY[1]/DIV[4]/DIV[1]/DIV[8]/DIV[3]/DIV[1]/DIV[1]/DIV[2]/DIV[1]/DIV[1]/DIV[1]/DIV[1] 
20850 [Thread 1 Crawler 1 (initial)] INFO  com.crawljax.core.CandidateElementExtractor  - Found new candidate element: DIV: class=fluid asin s9a2 style=float: left; width: 33.1% xpath /HTML[1]/BODY[1]/DIV[4]/DIV[1]/DIV[8]/DIV[3]/DIV[1]/DIV[1]/DIV[3] 
20850 [Thread 1 Crawler 1 (initial)] INFO  com.crawljax.core.CandidateElementExtractor  - Found new candidate element: DIV: class=inner xpath /HTML[1]/BODY[1]/DIV[4]/DIV[1]/DIV[8]/DIV[3]/DIV[1]/DIV[1]/DIV[3]/DIV[1] 
20850 [Thread 1 Crawler 1 (initial)] INFO  com.crawljax.core.CandidateElementExtractor  - Found new candidate element: DIV: class=s9hl style=position: relative xpath /HTML[1]/BODY[1]/DIV[4]/DIV[1]/DIV[8]/DIV[3]/DIV[1]/DIV[1]/DIV[3]/DIV[1]/DIV[1] 
20850 [Thread 1 Crawler 1 (initial)] INFO  com.crawljax.core.CandidateElementExtractor  - Found new candidate element: DIV: class=imageContainer xpath /HTML[1]/BODY[1]/DIV[4]/DIV[1]/DIV[8]/DIV[3]/DIV[1]/DIV[1]/DIV[3]/DIV[1]/DIV[1]/A[1]/DIV[1] 
20850 [Thread 1 Crawler 1 (initial)] INFO  com.crawljax.core.CandidateElementExtractor  - Found new candidate element: DIV: class=s9CustomerReviews xpath /HTML[1]/BODY[1]/DIV[4]/DIV[1]/DIV[8]/DIV[3]/DIV[1]/DIV[1]/DIV[3]/DIV[1]/DIV[1]/DIV[1] 
20850 [Thread 1 Crawler 1 (initial)] INFO  com.crawljax.core.CandidateElementExtractor  - Found new candidate element: DIV: class=s9Stars s9Stars_4_5 xpath /HTML[1]/BODY[1]/DIV[4]/DIV[1]/DIV[8]/DIV[3]/DIV[1]/DIV[1]/DIV[3]/DIV[1]/DIV[1]/DIV[1]/DIV[1] 
20850 [Thread 1 Crawler 1 (initial)] INFO  com.crawljax.core.CandidateElementExtractor  - Found new candidate element: DIV: class=fluid asin s9a3 style=float: left; width: 33.1%; display: none xpath /HTML[1]/BODY[1]/DIV[4]/DIV[1]/DIV[8]/DIV[3]/DIV[1]/DIV[1]/DIV[4] 
20851 [Thread 1 Crawler 1 (initial)] INFO  com.crawljax.core.CandidateElementExtractor  - Found new candidate element: DIV: class=fluid asin s9a4 style=float: left; width: 33.1%; display: none xpath /HTML[1]/BODY[1]/DIV[4]/DIV[1]/DIV[8]/DIV[3]/DIV[1]/DIV[1]/DIV[5] 
20851 [Thread 1 Crawler 1 (initial)] INFO  com.crawljax.core.CandidateElementExtractor  - Found new candidate element: DIV: class=fluid asin s9a5 style=float: left; width: 33.1%; display: none xpath /HTML[1]/BODY[1]/DIV[4]/DIV[1]/DIV[8]/DIV[3]/DIV[1]/DIV[1]/DIV[6] 
20851 [Thread 1 Crawler 1 (initial)] INFO  com.crawljax.core.CandidateElementExtractor  - Found new candidate element: DIV: class=fluid asin s9a6 style=float: left; width: 33.1%; display: none xpath /HTML[1]/BODY[1]/DIV[4]/DIV[1]/DIV[8]/DIV[3]/DIV[1]/DIV[1]/DIV[7] 
20851 [Thread 1 Crawler 1 (initial)] INFO  com.crawljax.core.CandidateElementExtractor  - Found new candidate element: DIV: style=clear: left; width: 100%; height: 1px; margin: 0; padding: 0; overflow: hidden xpath /HTML[1]/BODY[1]/DIV[4]/DIV[1]/DIV[8]/DIV[3]/DIV[2] 
20851 [Thread 1 Crawler 1 (initial)] INFO  com.crawljax.core.CandidateElementExtractor  - Found new candidate element: DIV: class=action xpath /HTML[1]/BODY[1]/DIV[4]/DIV[1]/DIV[8]/DIV[3]/DIV[3] 
20851 [Thread 1 Crawler 1 (initial)] INFO  com.crawljax.core.CandidateElementExtractor  - Found new candidate element: DIV: class=h_rule xpath /HTML[1]/BODY[1]/DIV[4]/DIV[1]/DIV[8]/DIV[3]/DIV[4] 
20851 [Thread 1 Crawler 1 (initial)] INFO  com.crawljax.core.CandidateElementExtractor  - Found new candidate element: DIV: class=amabot_right id=rightcolhidden style=display:none; xpath /HTML[1]/BODY[1]/DIV[4]/DIV[1]/DIV[9] 
20851 [Thread 1 Crawler 1 (initial)] INFO  com.crawljax.core.CandidateElementExtractor  - Found new candidate element: DIV: id=page-footer xpath /HTML[1]/BODY[1]/DIV[5] 
20851 [Thread 1 Crawler 1 (initial)] INFO  com.crawljax.core.CandidateElementExtractor  - Found new candidate element: DIV: id=rhf style=clear:both xpath /HTML[1]/BODY[1]/DIV[5]/DIV[1] 
20851 [Thread 1 Crawler 1 (initial)] INFO  com.crawljax.core.CandidateElementExtractor  - Found new candidate element: DIV: class=rhf_header xpath /HTML[1]/BODY[1]/DIV[5]/DIV[1]/TABLE[1]/TBODY[1]/TR[1]/TD[2]/DIV[1] 
20851 [Thread 1 Crawler 1 (initial)] INFO  com.crawljax.core.CandidateElementExtractor  - Found new candidate element: DIV: id=rhf_container style= xpath /HTML[1]/BODY[1]/DIV[5]/DIV[1]/TABLE[1]/TBODY[1]/TR[2]/TD[2]/DIV[1] 
20851 [Thread 1 Crawler 1 (initial)] INFO  com.crawljax.core.CandidateElementExtractor  - Found new candidate element: DIV: class=rhf_loading_outer xpath /HTML[1]/BODY[1]/DIV[5]/DIV[1]/TABLE[1]/TBODY[1]/TR[2]/TD[2]/DIV[1]/DIV[1] 
20851 [Thread 1 Crawler 1 (initial)] INFO  com.crawljax.core.CandidateElementExtractor  - Found new candidate element: DIV: id=rhf_error style=display:none; xpath /HTML[1]/BODY[1]/DIV[5]/DIV[1]/TABLE[1]/TBODY[1]/TR[2]/TD[2]/DIV[2] 
20852 [Thread 1 Crawler 1 (initial)] INFO  com.crawljax.core.CandidateElementExtractor  - Found new candidate element: DIV: id=navFooter xpath /HTML[1]/BODY[1]/DIV[5]/DIV[2] 
20852 [Thread 1 Crawler 1 (initial)] INFO  com.crawljax.core.CandidateElementExtractor  - Found new candidate element: DIV: class=navFooterColHead xpath /HTML[1]/BODY[1]/DIV[5]/DIV[2]/TABLE[1]/TBODY[1]/TR[1]/TD[1]/TABLE[1]/TBODY[1]/TR[1]/TD[2]/DIV[1] 
20852 [Thread 1 Crawler 1 (initial)] INFO  com.crawljax.core.CandidateElementExtractor  - Found new candidate element: DIV: class=navFooterColHead xpath /HTML[1]/BODY[1]/DIV[5]/DIV[2]/TABLE[1]/TBODY[1]/TR[1]/TD[1]/TABLE[1]/TBODY[1]/TR[1]/TD[4]/DIV[1] 
20852 [Thread 1 Crawler 1 (initial)] INFO  com.crawljax.core.CandidateElementExtractor  - Found new candidate element: DIV: class=navFooterColHead xpath /HTML[1]/BODY[1]/DIV[5]/DIV[2]/TABLE[1]/TBODY[1]/TR[1]/TD[1]/TABLE[1]/TBODY[1]/TR[1]/TD[6]/DIV[1] 
20852 [Thread 1 Crawler 1 (initial)] INFO  com.crawljax.core.CandidateElementExtractor  - Found new candidate element: DIV: class=navFooterLine navFooterLogoLine xpath /HTML[1]/BODY[1]/DIV[5]/DIV[2]/TABLE[1]/TBODY[1]/TR[2]/TD[1]/DIV[1] 
20852 [Thread 1 Crawler 1 (initial)] INFO  com.crawljax.core.CandidateElementExtractor  - Found new candidate element: DIV: class=navFooterLine navFooterLinkLine navFooterPadItemLine xpath /HTML[1]/BODY[1]/DIV[5]/DIV[2]/TABLE[1]/TBODY[1]/TR[2]/TD[1]/DIV[2] 
20852 [Thread 1 Crawler 1 (initial)] INFO  com.crawljax.core.CandidateElementExtractor  - Found new candidate element: DIV: class=navFooterLine navFooterLinkLine navFooterDescLine xpath /HTML[1]/BODY[1]/DIV[5]/DIV[2]/TABLE[1]/TBODY[1]/TR[2]/TD[1]/DIV[3] 
20852 [Thread 1 Crawler 1 (initial)] INFO  com.crawljax.core.CandidateElementExtractor  - Found new candidate element: DIV: class=navFooterLine navFooterLinkLine navFooterPadItemLine xpath /HTML[1]/BODY[1]/DIV[5]/DIV[2]/TABLE[1]/TBODY[1]/TR[2]/TD[1]/DIV[4] 
20853 [Thread 1 Crawler 1 (initial)] INFO  com.crawljax.core.CandidateElementExtractor  - Found new candidate element: DIV: id=sis_pixel_r1 xpath /HTML[1]/BODY[1]/DIV[5]/DIV[3] 
20853 [Thread 1 Crawler 1 (initial)] INFO  com.crawljax.core.CandidateElementExtractor  - Found new candidate element: DIV: id=SponsoredLinksGateway xpath /HTML[1]/BODY[1]/DIV[5]/DIV[4] 
20853 [Thread 1 Crawler 1 (initial)] INFO  com.crawljax.core.CandidateElementExtractor  - Found new candidate element: DIV: id=be style=display:none;visibility:hidden; xpath /HTML[1]/BODY[1]/DIV[6] 
20853 [Thread 1 Crawler 1 (initial)] INFO  com.crawljax.core.CandidateElementExtractor  - Found new candidate element: DIV: id=gwcswTooltip xpath /HTML[1]/BODY[1]/DIV[7] 
20853 [Thread 1 Crawler 1 (initial)] INFO  com.crawljax.core.CandidateElementExtractor  - Found new candidate element: DIV: id=text xpath /HTML[1]/BODY[1]/DIV[7]/DIV[1] 
20853 [Thread 1 Crawler 1 (initial)] INFO  com.crawljax.core.CandidateElementExtractor  - Found new candidate element: DIV: id=gwcswTriDown xpath /HTML[1]/BODY[1]/DIV[8] 
20853 [Thread 1 Crawler 1 (initial)] INFO  com.crawljax.core.CandidateElementExtractor  - Found 211 new candidate elements to analyze!
20855 [Thread 1 Crawler 1 (initial)] INFO  com.crawljax.core.Crawler  - Starting preStateCrawlingPlugins...
20855 [Thread 1 Crawler 1 (initial)] INFO  com.crawljax.core.plugin.CrawljaxPluginsUtil  - Running PreStateCrawlingPlugins...
20855 [Thread 1 Crawler 1 (initial)] INFO  com.crawljax.core.plugin.CrawljaxPluginsUtil  - Calling plugin ca.ubc.javis.GetCandidateElements
20857 [Thread 1 Crawler 1 (initial)] INFO  com.crawljax.core.Crawler  - numExpState:1 numSampledEvents:0 numUnsampledEvents: 211 estNumUnexpState: 0 estNumTotalSpace:1 actCoverage:2.0% estCoverage:100.0%
21863 [Thread 1 Crawler 1 (initial)] INFO  com.crawljax.core.Crawler  - Executing click on element: DIV: style="display:none;" click xpath /HTML[1]/BODY[1]/DIV[4]/DIV[1]/DIV[7]/DIV[1]/DIV[2]/DIV[2]/DIV[1]/DIV[1]; State: index
22850 [Thread 1 Crawler 1 (initial)] INFO  com.crawljax.browser.WebDriverBackedEmbeddedBrowser  - Element not visible, so cannot be clicked: DIV 
22850 [Thread 1 Crawler 1 (initial)] INFO  com.crawljax.core.plugin.CrawljaxPluginsUtil  - Running OnFireEventFailedPlugins...
23899 [Thread 1 Crawler 1 (initial)] INFO  com.crawljax.core.Crawler  - Executing click on element: "MP3 StoreCloud PlayerCloud DriveKindleAppstorefor AndroidDigital Games  & SoftwareAudibleAudiobooks" DIV: class="gwcswNavWrap" style="visibility: visible;" click xpath /HTML[1]/BODY[1]/DIV[4]/DIV[1]/DIV[3]/DIV[2]/DIV[1]/DIV[1]; State: index
26884 [Thread 1 Crawler 1 (initial)] INFO  com.crawljax.core.Crawler  - Dom Not Changed!
28158 [Thread 1 Crawler 1 (initial)] INFO  com.crawljax.core.Crawler  - Executing click on element: DIV: class="nav-searchfield-width" click xpath /HTML[1]/BODY[1]/HEADER[1]/DIV[1]/DIV[2]/DIV[2]/DIV[1]/FORM[1]/DIV[1]/DIV[1]/DIV[1]; State: index
31222 [Thread 1 Crawler 1 (initial)] INFO  com.crawljax.core.Crawler  - Dom Not Changed!
32514 [Thread 1 Crawler 1 (initial)] INFO  com.crawljax.core.Crawler  - Executing click on element: "HopelessColleen HooverKindle Edition(1,432 customer reviews)$3.99Amazon Gift Card - E-mail - All...(9,067 customer reviews)$50.00Kindle, 6" E Ink Display, Wi-Fi...Amazon Digital Services Inc.(1,710 customer reviews)$69.00Acase Dual Layer iPhone 5 Case...(6 customer reviews)$39.95 $4.95Canon Laser imageCLASS MF4890dw...(27 customer reviews)$595.00 $219.99The Tim Burton CollectionTim BurtonBlu-ray(5 customer reviews)$59.99 $28.993M Streaming Projector Powered by Roku(38 customer reviews)$299.99 $229.95" DIV: class="row s9m4" id="ns_1HE90YWMJP62B8EAGGCQ_6570_r0ItemRow" click xpath /HTML[1]/BODY[1]/DIV[4]/DIV[1]/DIV[8]/DIV[2]/DIV[1]; State: index
35555 [Thread 1 Crawler 1 (initial)] INFO  com.crawljax.core.Crawler  - Dom is Changed!
35556 [Thread 1 Crawler 1 (initial)] INFO  com.crawljax.core.state.StateFlowGraph  - Correcting state name from  state4 to state1
35556 [Thread 1 Crawler 1 (initial)] INFO  com.crawljax.core.state.StateMachine  - State state1 added to the StateMachine.
35560 [Thread 1 Crawler 1 (initial)] INFO  com.crawljax.core.state.StateMachine  - StateMachine's Pointer changed to: state1
35560 [Thread 1 Crawler 1 (initial)] INFO  com.crawljax.core.state.StateMachine  - StateMachine's Pointer changed to: state1 FROM index
35560 [Thread 1 Crawler 1 (initial)] INFO  com.crawljax.core.plugin.CrawljaxPluginsUtil  - Running OnNewStatePlugins...
35560 [Thread 1 Crawler 1 (initial)] INFO  com.crawljax.core.plugin.CrawljaxPluginsUtil  - Running OnNewStatePlugins...
35561 [Thread 1 Crawler 1 (initial)] INFO  com.crawljax.core.plugin.CrawljaxPluginsUtil  - Running GuidedCrawlingPlugins...
35565 [Thread 1 Crawler 1 (initial)] INFO  com.crawljax.core.Crawler  - RECURSIVE Call crawl; Current DEPTH= 1
35565 [Thread 1 Crawler 1 (initial)] INFO  com.crawljax.core.CandidateElementExtractor  - Looking in state: state1 for candidate elements with 
35882 [Thread 1 Crawler 1 (initial)] INFO  com.crawljax.core.CandidateElementExtractor  - TAG: DIV
37224 [Thread 1 Crawler 1 (initial)] INFO  com.crawljax.core.CandidateElementExtractor  - TAG: DIV
37309 [Thread 1 Crawler 1 (initial)] INFO  com.crawljax.core.CandidateElementExtractor  - TAG: DIV
37465 [Thread 1 Crawler 1 (initial)] INFO  com.crawljax.core.CandidateElementExtractor  - TAG: DIV
37470 [Thread 1 Crawler 1 (initial)] INFO  com.crawljax.core.CandidateElementExtractor  - Found new candidate element: DIV: class=rhfWrapper id=rhf_shvl_div xpath /HTML[1]/BODY[1]/DIV[5]/DIV[1]/TABLE[1]/TBODY[1]/TR[2]/TD[2]/DIV[1]/DIV[1] 
37470 [Thread 1 Crawler 1 (initial)] INFO  com.crawljax.core.CandidateElementExtractor  - Found new candidate element: DIV: style=zoom: 1; xpath /HTML[1]/BODY[1]/DIV[5]/DIV[1]/TABLE[1]/TBODY[1]/TR[2]/TD[2]/DIV[1]/DIV[1]/DIV[1] 
37470 [Thread 1 Crawler 1 (initial)] INFO  com.crawljax.core.CandidateElementExtractor  - Found new candidate element: DIV: class=rhfHistoryWrapper xpath /HTML[1]/BODY[1]/DIV[5]/DIV[1]/TABLE[1]/TBODY[1]/TR[2]/TD[2]/DIV[1]/DIV[1]/DIV[1]/TABLE[1]/TBODY[1]/TR[1]/TD[1]/DIV[1] 
37471 [Thread 1 Crawler 1 (initial)] INFO  com.crawljax.core.CandidateElementExtractor  - Found new candidate element: DIV: id=rhfUpsellDescription style=display: none xpath /HTML[1]/BODY[1]/DIV[5]/DIV[1]/TABLE[1]/TBODY[1]/TR[2]/TD[2]/DIV[1]/DIV[1]/DIV[1]/TABLE[1]/TBODY[1]/TR[1]/TD[1]/DIV[1]/DIV[1] 
37471 [Thread 1 Crawler 1 (initial)] INFO  com.crawljax.core.CandidateElementExtractor  - Found new candidate element: DIV: style=padding: 0 0px 0 10px; xpath /HTML[1]/BODY[1]/DIV[5]/DIV[1]/TABLE[1]/TBODY[1]/TR[2]/TD[2]/DIV[1]/DIV[1]/DIV[1]/TABLE[1]/TBODY[1]/TR[1]/TD[2]/DIV[1] 
37471 [Thread 1 Crawler 1 (initial)] INFO  com.crawljax.core.CandidateElementExtractor  - Found new candidate element: DIV: id=rhf_upsell_div xpath /HTML[1]/BODY[1]/DIV[5]/DIV[1]/TABLE[1]/TBODY[1]/TR[2]/TD[2]/DIV[1]/DIV[1]/DIV[1]/TABLE[1]/TBODY[1]/TR[1]/TD[2]/DIV[1]/DIV[1] 
37471 [Thread 1 Crawler 1 (initial)] INFO  com.crawljax.core.CandidateElementExtractor  - Found new candidate element: DIV: class=shoveler id=rhf0Shvl xpath /HTML[1]/BODY[1]/DIV[5]/DIV[1]/TABLE[1]/TBODY[1]/TR[2]/TD[2]/DIV[1]/DIV[1]/DIV[1]/TABLE[1]/TBODY[1]/TR[1]/TD[2]/DIV[1]/DIV[1]/DIV[1] 
37471 [Thread 1 Crawler 1 (initial)] INFO  com.crawljax.core.CandidateElementExtractor  - Found new candidate element: DIV: class=shoveler-heading xpath /HTML[1]/BODY[1]/DIV[5]/DIV[1]/TABLE[1]/TBODY[1]/TR[2]/TD[2]/DIV[1]/DIV[1]/DIV[1]/TABLE[1]/TBODY[1]/TR[1]/TD[2]/DIV[1]/DIV[1]/DIV[1]/DIV[1] 
37471 [Thread 1 Crawler 1 (initial)] INFO  com.crawljax.core.CandidateElementExtractor  - Found new candidate element: DIV: class=rhfUpsellColumnTitle id=rhfUpsellColumnTitle xpath /HTML[1]/BODY[1]/DIV[5]/DIV[1]/TABLE[1]/TBODY[1]/TR[2]/TD[2]/DIV[1]/DIV[1]/DIV[1]/TABLE[1]/TBODY[1]/TR[1]/TD[2]/DIV[1]/DIV[1]/DIV[1]/DIV[1]/DIV[1] 
37471 [Thread 1 Crawler 1 (initial)] INFO  com.crawljax.core.CandidateElementExtractor  - Found new candidate element: DIV: class=shoveler-pagination style= xpath /HTML[1]/BODY[1]/DIV[5]/DIV[1]/TABLE[1]/TBODY[1]/TR[2]/TD[2]/DIV[1]/DIV[1]/DIV[1]/TABLE[1]/TBODY[1]/TR[1]/TD[2]/DIV[1]/DIV[1]/DIV[1]/DIV[2] 
37471 [Thread 1 Crawler 1 (initial)] INFO  com.crawljax.core.CandidateElementExtractor  - Found new candidate element: DIV: class=shoveler-button-wrapper id=rhf0ButtonWrapper xpath /HTML[1]/BODY[1]/DIV[5]/DIV[1]/TABLE[1]/TBODY[1]/TR[2]/TD[2]/DIV[1]/DIV[1]/DIV[1]/TABLE[1]/TBODY[1]/TR[1]/TD[2]/DIV[1]/DIV[1]/DIV[1]/DIV[3] 
37472 [Thread 1 Crawler 1 (initial)] INFO  com.crawljax.core.CandidateElementExtractor  - Found new candidate element: DIV: class=back-button xpath /HTML[1]/BODY[1]/DIV[5]/DIV[1]/TABLE[1]/TBODY[1]/TR[2]/TD[2]/DIV[1]/DIV[1]/DIV[1]/TABLE[1]/TBODY[1]/TR[1]/TD[2]/DIV[1]/DIV[1]/DIV[1]/DIV[3]/DIV[1] 
37472 [Thread 1 Crawler 1 (initial)] INFO  com.crawljax.core.CandidateElementExtractor  - Found new candidate element: DIV: class=shoveler-content xpath /HTML[1]/BODY[1]/DIV[5]/DIV[1]/TABLE[1]/TBODY[1]/TR[2]/TD[2]/DIV[1]/DIV[1]/DIV[1]/TABLE[1]/TBODY[1]/TR[1]/TD[2]/DIV[1]/DIV[1]/DIV[1]/DIV[3]/DIV[2] 
37472 [Thread 1 Crawler 1 (initial)] INFO  com.crawljax.core.CandidateElementExtractor  - Found new candidate element: DIV:  xpath /HTML[1]/BODY[1]/DIV[5]/DIV[1]/TABLE[1]/TBODY[1]/TR[2]/TD[2]/DIV[1]/DIV[1]/DIV[1]/TABLE[1]/TBODY[1]/TR[1]/TD[2]/DIV[1]/DIV[1]/DIV[1]/DIV[3]/DIV[2]/UL[1]/LI[1]/DIV[1] 
37472 [Thread 1 Crawler 1 (initial)] INFO  com.crawljax.core.CandidateElementExtractor  - Found new candidate element: DIV: class=imageContainer style=margin-bottom: 6px; margin-top: 0px; xpath /HTML[1]/BODY[1]/DIV[5]/DIV[1]/TABLE[1]/TBODY[1]/TR[2]/TD[2]/DIV[1]/DIV[1]/DIV[1]/TABLE[1]/TBODY[1]/TR[1]/TD[2]/DIV[1]/DIV[1]/DIV[1]/DIV[3]/DIV[2]/UL[1]/LI[1]/DIV[1]/SPAN[1]/A[1]/DIV[1] 
37472 [Thread 1 Crawler 1 (initial)] INFO  com.crawljax.core.CandidateElementExtractor  - Found new candidate element: DIV: class=byline xpath /HTML[1]/BODY[1]/DIV[5]/DIV[1]/TABLE[1]/TBODY[1]/TR[2]/TD[2]/DIV[1]/DIV[1]/DIV[1]/TABLE[1]/TBODY[1]/TR[1]/TD[2]/DIV[1]/DIV[1]/DIV[1]/DIV[3]/DIV[2]/UL[1]/LI[1]/DIV[1]/DIV[1] 
37472 [Thread 1 Crawler 1 (initial)] INFO  com.crawljax.core.CandidateElementExtractor  - Found new candidate element: DIV: class=rating xpath /HTML[1]/BODY[1]/DIV[5]/DIV[1]/TABLE[1]/TBODY[1]/TR[2]/TD[2]/DIV[1]/DIV[1]/DIV[1]/TABLE[1]/TBODY[1]/TR[1]/TD[2]/DIV[1]/DIV[1]/DIV[1]/DIV[3]/DIV[2]/UL[1]/LI[1]/DIV[1]/DIV[2] 
37472 [Thread 1 Crawler 1 (initial)] INFO  com.crawljax.core.CandidateElementExtractor  - Found new candidate element: DIV: class=binding xpath /HTML[1]/BODY[1]/DIV[5]/DIV[1]/TABLE[1]/TBODY[1]/TR[2]/TD[2]/DIV[1]/DIV[1]/DIV[1]/TABLE[1]/TBODY[1]/TR[1]/TD[2]/DIV[1]/DIV[1]/DIV[1]/DIV[3]/DIV[2]/UL[1]/LI[1]/DIV[1]/DIV[3] 
37472 [Thread 1 Crawler 1 (initial)] INFO  com.crawljax.core.CandidateElementExtractor  - Found new candidate element: DIV: class=price xpath /HTML[1]/BODY[1]/DIV[5]/DIV[1]/TABLE[1]/TBODY[1]/TR[2]/TD[2]/DIV[1]/DIV[1]/DIV[1]/TABLE[1]/TBODY[1]/TR[1]/TD[2]/DIV[1]/DIV[1]/DIV[1]/DIV[3]/DIV[2]/UL[1]/LI[1]/DIV[1]/DIV[4] 
37474 [Thread 1 Crawler 1 (initial)] INFO  com.crawljax.core.CandidateElementExtractor  - Found new candidate element: DIV: class=reason-text xpath /HTML[1]/BODY[1]/DIV[5]/DIV[1]/TABLE[1]/TBODY[1]/TR[2]/TD[2]/DIV[1]/DIV[1]/DIV[1]/TABLE[1]/TBODY[1]/TR[1]/TD[2]/DIV[1]/DIV[1]/DIV[1]/DIV[3]/DIV[2]/UL[1]/LI[1]/DIV[1]/DIV[5] 
37474 [Thread 1 Crawler 1 (initial)] INFO  com.crawljax.core.CandidateElementExtractor  - Found new candidate element: DIV:  xpath /HTML[1]/BODY[1]/DIV[5]/DIV[1]/TABLE[1]/TBODY[1]/TR[2]/TD[2]/DIV[1]/DIV[1]/DIV[1]/TABLE[1]/TBODY[1]/TR[1]/TD[2]/DIV[1]/DIV[1]/DIV[1]/DIV[3]/DIV[2]/UL[1]/LI[2]/DIV[1] 
37474 [Thread 1 Crawler 1 (initial)] INFO  com.crawljax.core.CandidateElementExtractor  - Found new candidate element: DIV: class=imageContainer style=margin-bottom: 6px; margin-top: 0px; xpath /HTML[1]/BODY[1]/DIV[5]/DIV[1]/TABLE[1]/TBODY[1]/TR[2]/TD[2]/DIV[1]/DIV[1]/DIV[1]/TABLE[1]/TBODY[1]/TR[1]/TD[2]/DIV[1]/DIV[1]/DIV[1]/DIV[3]/DIV[2]/UL[1]/LI[2]/DIV[1]/SPAN[1]/A[1]/DIV[1] 
37474 [Thread 1 Crawler 1 (initial)] INFO  com.crawljax.core.CandidateElementExtractor  - Found new candidate element: DIV: class=byline xpath /HTML[1]/BODY[1]/DIV[5]/DIV[1]/TABLE[1]/TBODY[1]/TR[2]/TD[2]/DIV[1]/DIV[1]/DIV[1]/TABLE[1]/TBODY[1]/TR[1]/TD[2]/DIV[1]/DIV[1]/DIV[1]/DIV[3]/DIV[2]/UL[1]/LI[2]/DIV[1]/DIV[1] 
37474 [Thread 1 Crawler 1 (initial)] INFO  com.crawljax.core.CandidateElementExtractor  - Found new candidate element: DIV: class=rating xpath /HTML[1]/BODY[1]/DIV[5]/DIV[1]/TABLE[1]/TBODY[1]/TR[2]/TD[2]/DIV[1]/DIV[1]/DIV[1]/TABLE[1]/TBODY[1]/TR[1]/TD[2]/DIV[1]/DIV[1]/DIV[1]/DIV[3]/DIV[2]/UL[1]/LI[2]/DIV[1]/DIV[2] 
37474 [Thread 1 Crawler 1 (initial)] INFO  com.crawljax.core.CandidateElementExtractor  - Found new candidate element: DIV: class=binding xpath /HTML[1]/BODY[1]/DIV[5]/DIV[1]/TABLE[1]/TBODY[1]/TR[2]/TD[2]/DIV[1]/DIV[1]/DIV[1]/TABLE[1]/TBODY[1]/TR[1]/TD[2]/DIV[1]/DIV[1]/DIV[1]/DIV[3]/DIV[2]/UL[1]/LI[2]/DIV[1]/DIV[3] 
37474 [Thread 1 Crawler 1 (initial)] INFO  com.crawljax.core.CandidateElementExtractor  - Found new candidate element: DIV: class=price xpath /HTML[1]/BODY[1]/DIV[5]/DIV[1]/TABLE[1]/TBODY[1]/TR[2]/TD[2]/DIV[1]/DIV[1]/DIV[1]/TABLE[1]/TBODY[1]/TR[1]/TD[2]/DIV[1]/DIV[1]/DIV[1]/DIV[3]/DIV[2]/UL[1]/LI[2]/DIV[1]/DIV[4] 
37475 [Thread 1 Crawler 1 (initial)] INFO  com.crawljax.core.CandidateElementExtractor  - Found new candidate element: DIV: class=reason-text xpath /HTML[1]/BODY[1]/DIV[5]/DIV[1]/TABLE[1]/TBODY[1]/TR[2]/TD[2]/DIV[1]/DIV[1]/DIV[1]/TABLE[1]/TBODY[1]/TR[1]/TD[2]/DIV[1]/DIV[1]/DIV[1]/DIV[3]/DIV[2]/UL[1]/LI[2]/DIV[1]/DIV[5] 
37475 [Thread 1 Crawler 1 (initial)] INFO  com.crawljax.core.CandidateElementExtractor  - Found new candidate element: DIV:  xpath /HTML[1]/BODY[1]/DIV[5]/DIV[1]/TABLE[1]/TBODY[1]/TR[2]/TD[2]/DIV[1]/DIV[1]/DIV[1]/TABLE[1]/TBODY[1]/TR[1]/TD[2]/DIV[1]/DIV[1]/DIV[1]/DIV[3]/DIV[2]/UL[1]/LI[3]/DIV[1] 
37475 [Thread 1 Crawler 1 (initial)] INFO  com.crawljax.core.CandidateElementExtractor  - Found new candidate element: DIV: class=imageContainer style=margin-bottom: 6px; margin-top: 0px; xpath /HTML[1]/BODY[1]/DIV[5]/DIV[1]/TABLE[1]/TBODY[1]/TR[2]/TD[2]/DIV[1]/DIV[1]/DIV[1]/TABLE[1]/TBODY[1]/TR[1]/TD[2]/DIV[1]/DIV[1]/DIV[1]/DIV[3]/DIV[2]/UL[1]/LI[3]/DIV[1]/SPAN[1]/A[1]/DIV[1] 
37475 [Thread 1 Crawler 1 (initial)] INFO  com.crawljax.core.CandidateElementExtractor  - Found new candidate element: DIV: class=byline xpath /HTML[1]/BODY[1]/DIV[5]/DIV[1]/TABLE[1]/TBODY[1]/TR[2]/TD[2]/DIV[1]/DIV[1]/DIV[1]/TABLE[1]/TBODY[1]/TR[1]/TD[2]/DIV[1]/DIV[1]/DIV[1]/DIV[3]/DIV[2]/UL[1]/LI[3]/DIV[1]/DIV[1] 
37475 [Thread 1 Crawler 1 (initial)] INFO  com.crawljax.core.CandidateElementExtractor  - Found new candidate element: DIV: class=rating xpath /HTML[1]/BODY[1]/DIV[5]/DIV[1]/TABLE[1]/TBODY[1]/TR[2]/TD[2]/DIV[1]/DIV[1]/DIV[1]/TABLE[1]/TBODY[1]/TR[1]/TD[2]/DIV[1]/DIV[1]/DIV[1]/DIV[3]/DIV[2]/UL[1]/LI[3]/DIV[1]/DIV[2] 
37475 [Thread 1 Crawler 1 (initial)] INFO  com.crawljax.core.CandidateElementExtractor  - Found new candidate element: DIV: class=binding xpath /HTML[1]/BODY[1]/DIV[5]/DIV[1]/TABLE[1]/TBODY[1]/TR[2]/TD[2]/DIV[1]/DIV[1]/DIV[1]/TABLE[1]/TBODY[1]/TR[1]/TD[2]/DIV[1]/DIV[1]/DIV[1]/DIV[3]/DIV[2]/UL[1]/LI[3]/DIV[1]/DIV[3] 
37475 [Thread 1 Crawler 1 (initial)] INFO  com.crawljax.core.CandidateElementExtractor  - Found new candidate element: DIV: class=price xpath /HTML[1]/BODY[1]/DIV[5]/DIV[1]/TABLE[1]/TBODY[1]/TR[2]/TD[2]/DIV[1]/DIV[1]/DIV[1]/TABLE[1]/TBODY[1]/TR[1]/TD[2]/DIV[1]/DIV[1]/DIV[1]/DIV[3]/DIV[2]/UL[1]/LI[3]/DIV[1]/DIV[4] 
37475 [Thread 1 Crawler 1 (initial)] INFO  com.crawljax.core.CandidateElementExtractor  - Found new candidate element: DIV: class=reason-text xpath /HTML[1]/BODY[1]/DIV[5]/DIV[1]/TABLE[1]/TBODY[1]/TR[2]/TD[2]/DIV[1]/DIV[1]/DIV[1]/TABLE[1]/TBODY[1]/TR[1]/TD[2]/DIV[1]/DIV[1]/DIV[1]/DIV[3]/DIV[2]/UL[1]/LI[3]/DIV[1]/DIV[5] 
37475 [Thread 1 Crawler 1 (initial)] INFO  com.crawljax.core.CandidateElementExtractor  - Found new candidate element: DIV: class=next-button xpath /HTML[1]/BODY[1]/DIV[5]/DIV[1]/TABLE[1]/TBODY[1]/TR[2]/TD[2]/DIV[1]/DIV[1]/DIV[1]/TABLE[1]/TBODY[1]/TR[1]/TD[2]/DIV[1]/DIV[1]/DIV[1]/DIV[3]/DIV[3] 
37476 [Thread 1 Crawler 1 (initial)] INFO  com.crawljax.core.CandidateElementExtractor  - Found 35 new candidate elements to analyze!
37476 [Thread 1 Crawler 1 (initial)] INFO  com.crawljax.core.Crawler  - Starting preStateCrawlingPlugins...
37476 [Thread 1 Crawler 1 (initial)] INFO  com.crawljax.core.plugin.CrawljaxPluginsUtil  - Running PreStateCrawlingPlugins...
37476 [Thread 1 Crawler 1 (initial)] INFO  com.crawljax.core.plugin.CrawljaxPluginsUtil  - Calling plugin ca.ubc.javis.GetCandidateElements
37478 [Thread 1 Crawler 1 (initial)] INFO  com.crawljax.core.Crawler  - numExpState:2 numSampledEvents:1 numUnsampledEvents: 242 estNumUnexpState: 484 estNumTotalSpace:486 actCoverage:4.0% estCoverage:0.41152263%
38752 [Thread 1 Crawler 1 (initial)] INFO  com.crawljax.core.Crawler  - Executing click on element: "Continue Shopping:  Top Sellers                Page 1   of  17   (Start over)                             Back                                                                                                            Hopeless Colleen Hoover                  (1,437)    Kindle Edition    $3.94                                                                    Safe Haven Nicholas Sparks                  (1,238)    Kindle Edition    $7.22                                                                    The Poisonwood Bible Barbara Kingsolver                  (1,635)    Kindle Edition    $12.72                                                Next" DIV: id="rhf_upsell_div" click xpath /HTML[1]/BODY[1]/DIV[5]/DIV[1]/TABLE[1]/TBODY[1]/TR[2]/TD[2]/DIV[1]/DIV[1]/DIV[1]/TABLE[1]/TBODY[1]/TR[1]/TD[2]/DIV[1]/DIV[1]; State: state1
41950 [Thread 1 Crawler 1 (initial)] INFO  com.crawljax.core.Crawler  - Dom Not Changed!
43309 [Thread 1 Crawler 1 (initial)] INFO  com.crawljax.core.Crawler  - Executing click on element: "Colleen Hoover" DIV: class="byline" click xpath /HTML[1]/BODY[1]/DIV[5]/DIV[1]/TABLE[1]/TBODY[1]/TR[2]/TD[2]/DIV[1]/DIV[1]/DIV[1]/TABLE[1]/TBODY[1]/TR[1]/TD[2]/DIV[1]/DIV[1]/DIV[1]/DIV[3]/DIV[2]/UL[1]/LI[1]/DIV[1]/DIV[1]; State: state1
46469 [Thread 1 Crawler 1 (initial)] INFO  com.crawljax.core.Crawler  - Dom Not Changed!
47671 [Thread 1 Crawler 1 (initial)] INFO  com.crawljax.core.Crawler  - Executing click on element: "$7.22" DIV: class="price" click xpath /HTML[1]/BODY[1]/DIV[5]/DIV[1]/TABLE[1]/TBODY[1]/TR[2]/TD[2]/DIV[1]/DIV[1]/DIV[1]/TABLE[1]/TBODY[1]/TR[1]/TD[2]/DIV[1]/DIV[1]/DIV[1]/DIV[3]/DIV[2]/UL[1]/LI[2]/DIV[1]/DIV[4]; State: state1
50851 [Thread 1 Crawler 1 (initial)] INFO  com.crawljax.core.Crawler  - Dom Not Changed!
52089 [Thread 1 Crawler 1 (initial)] INFO  com.crawljax.core.Crawler  - Executing click on element: "You have no recently viewed items.After viewing product detail pages or search results, look here to find an easy way to navigate back to pages you are interested in.Look to the right column to find helpful suggestions for your shopping session.                                                    Continue Shopping:  Top Sellers                Page 1   of  17   (Start over)                             Back                                                                                                            Hopeless Colleen Hoover                  (1,437)    Kindle Edition    $3.94                                                                    Safe Haven Nicholas Sparks                  (1,238)    Kindle Edition    $7.22                                                                    The Poisonwood Bible Barbara Kingsolver                  (1,635)    Kindle Edition    $12.72                                                Next" DIV: style="zoom: 1;" click xpath /HTML[1]/BODY[1]/DIV[5]/DIV[1]/TABLE[1]/TBODY[1]/TR[2]/TD[2]/DIV[1]/DIV[1]/DIV[1]; State: state1
55229 [Thread 1 Crawler 1 (initial)] INFO  com.crawljax.core.Crawler  - Dom Not Changed!
56399 [Thread 1 Crawler 1 (initial)] INFO  com.crawljax.core.Crawler  - Executing click on element: "(1,238)" DIV: class="rating" click xpath /HTML[1]/BODY[1]/DIV[5]/DIV[1]/TABLE[1]/TBODY[1]/TR[2]/TD[2]/DIV[1]/DIV[1]/DIV[1]/TABLE[1]/TBODY[1]/TR[1]/TD[2]/DIV[1]/DIV[1]/DIV[1]/DIV[3]/DIV[2]/UL[1]/LI[2]/DIV[1]/DIV[2]; State: state1
59525 [Thread 1 Crawler 1 (initial)] INFO  com.crawljax.core.Crawler  - Dom Not Changed!
60800 [Thread 1 Crawler 1 (initial)] INFO  com.crawljax.core.Crawler  - Executing click on element: DIV: class="reason-text" click xpath /HTML[1]/BODY[1]/DIV[5]/DIV[1]/TABLE[1]/TBODY[1]/TR[2]/TD[2]/DIV[1]/DIV[1]/DIV[1]/TABLE[1]/TBODY[1]/TR[1]/TD[2]/DIV[1]/DIV[1]/DIV[1]/DIV[3]/DIV[2]/UL[1]/LI[2]/DIV[1]/DIV[5]; State: state1
61832 [Thread 1 Crawler 1 (initial)] INFO  com.crawljax.browser.WebDriverBackedEmbeddedBrowser  - Element not visible, so cannot be clicked: DIV 
61832 [Thread 1 Crawler 1 (initial)] INFO  com.crawljax.core.plugin.CrawljaxPluginsUtil  - Running OnFireEventFailedPlugins...
63162 [Thread 1 Crawler 1 (initial)] INFO  com.crawljax.core.Crawler  - Executing click on element: "Next" DIV: class="next-button" click xpath /HTML[1]/BODY[1]/DIV[5]/DIV[1]/TABLE[1]/TBODY[1]/TR[2]/TD[2]/DIV[1]/DIV[1]/DIV[1]/TABLE[1]/TBODY[1]/TR[1]/TD[2]/DIV[1]/DIV[1]/DIV[1]/DIV[3]/DIV[3]; State: state1
66489 [Thread 1 Crawler 1 (initial)] INFO  com.crawljax.core.Crawler  - Dom Not Changed!
67768 [Thread 1 Crawler 1 (initial)] INFO  com.crawljax.core.Crawler  - Executing click on element: "Nicholas Sparks" DIV: class="byline" click xpath /HTML[1]/BODY[1]/DIV[5]/DIV[1]/TABLE[1]/TBODY[1]/TR[2]/TD[2]/DIV[1]/DIV[1]/DIV[1]/TABLE[1]/TBODY[1]/TR[1]/TD[2]/DIV[1]/DIV[1]/DIV[1]/DIV[3]/DIV[2]/UL[1]/LI[2]/DIV[1]/DIV[1]; State: state1
70933 [Thread 1 Crawler 1 (initial)] INFO  com.crawljax.core.Crawler  - Dom Not Changed!
72251 [Thread 1 Crawler 1 (initial)] INFO  com.crawljax.core.Crawler  - Executing click on element: DIV: class="imageContainer" style="margin-bottom: 6px; margin-top: 0px;" click xpath /HTML[1]/BODY[1]/DIV[5]/DIV[1]/TABLE[1]/TBODY[1]/TR[2]/TD[2]/DIV[1]/DIV[1]/DIV[1]/TABLE[1]/TBODY[1]/TR[1]/TD[2]/DIV[1]/DIV[1]/DIV[1]/DIV[3]/DIV[2]/UL[1]/LI[1]/DIV[1]/SPAN[1]/A[1]/DIV[1]; State: state1
80269 [Thread 1 Crawler 1 (initial)] INFO  com.crawljax.core.Crawler  - Dom is Changed!
80270 [Thread 1 Crawler 1 (initial)] INFO  com.crawljax.core.state.StateFlowGraph  - Correcting state name from  state9 to state2
80270 [Thread 1 Crawler 1 (initial)] INFO  com.crawljax.core.state.StateMachine  - State state2 added to the StateMachine.
80270 [Thread 1 Crawler 1 (initial)] INFO  com.crawljax.core.state.StateMachine  - StateMachine's Pointer changed to: state2
80270 [Thread 1 Crawler 1 (initial)] INFO  com.crawljax.core.state.StateMachine  - StateMachine's Pointer changed to: state2 FROM state1
80270 [Thread 1 Crawler 1 (initial)] INFO  com.crawljax.core.plugin.CrawljaxPluginsUtil  - Running OnNewStatePlugins...
80271 [Thread 1 Crawler 1 (initial)] INFO  com.crawljax.core.plugin.CrawljaxPluginsUtil  - Running OnNewStatePlugins...
80271 [Thread 1 Crawler 1 (initial)] INFO  com.crawljax.core.plugin.CrawljaxPluginsUtil  - Running GuidedCrawlingPlugins...
80272 [Thread 1 Crawler 1 (initial)] INFO  com.crawljax.core.Crawler  - RECURSIVE Call crawl; Current DEPTH= 2
80272 [Thread 1 Crawler 1 (initial)] INFO  com.crawljax.core.Crawler  - Max number of states 3 reached!
80274 [Thread 1 Crawler 1 (initial)] WARN  com.crawljax.core.CrawljaxController  - After 1 min, 20 sec the crawling process was requested to terminate @ Thread[Thread 1 Crawler 1 (initial),5,main]
80275 [Browser closing Thread] INFO  com.crawljax.browser.WebDriverBackedEmbeddedBrowser  - Closing the browser...
81399 [Thread 1 Crawler 1 (initial)] INFO  com.crawljax.core.CrawljaxController  - Interaction Element= "HopelessColleen HooverKindle Edition(1,432 customer reviews)$3.99Amazon Gift Card - E-mail - All...(9,067 customer reviews)$50.00Kindle, 6" E Ink Display, Wi-Fi...Amazon Digital Services Inc.(1,710 customer reviews)$69.00Acase Dual Layer iPhone 5 Case...(6 customer reviews)$39.95 $4.95Canon Laser imageCLASS MF4890dw...(27 customer reviews)$595.00 $219.99The Tim Burton CollectionTim BurtonBlu-ray(5 customer reviews)$59.99 $28.993M Streaming Projector Powered by Roku(38 customer reviews)$299.99 $229.95" DIV: class="row s9m4" id="ns_1HE90YWMJP62B8EAGGCQ_6570_r0ItemRow" click xpath /HTML[1]/BODY[1]/DIV[4]/DIV[1]/DIV[8]/DIV[2]/DIV[1]
81399 [Thread 1 Crawler 1 (initial)] INFO  com.crawljax.core.CrawljaxController  - Interaction Element= DIV: class="imageContainer" style="margin-bottom: 6px; margin-top: 0px;" click xpath /HTML[1]/BODY[1]/DIV[5]/DIV[1]/TABLE[1]/TBODY[1]/TR[2]/TD[2]/DIV[1]/DIV[1]/DIV[1]/TABLE[1]/TBODY[1]/TR[1]/TD[2]/DIV[1]/DIV[1]/DIV[1]/DIV[3]/DIV[2]/UL[1]/LI[1]/DIV[1]/SPAN[1]/A[1]/DIV[1]
81400 [Thread 1 Crawler 1 (initial)] INFO  com.crawljax.core.CrawljaxController  - Total Crawling time(81380ms) ~= 1 min, 21 sec
81400 [Thread 1 Crawler 1 (initial)] INFO  com.crawljax.core.CrawljaxController  - EXAMINED ELEMENTS: 456
81400 [Thread 1 Crawler 1 (initial)] INFO  com.crawljax.core.CrawljaxController  - CLICKABLES: 2
81400 [Thread 1 Crawler 1 (initial)] INFO  com.crawljax.core.CrawljaxController  - STATES: 3
81414 [Thread 1 Crawler 1 (initial)] INFO  com.crawljax.core.CrawljaxController  - Dom average size (byte): 293598
81415 [Thread 1 Crawler 1 (initial)] INFO  com.crawljax.core.CrawljaxController  - DONE!!!
81415 [Thread 1 Crawler 1 (initial)] WARN  com.crawljax.core.CrawljaxController  - After 1 min, 21 sec the crawling process was requested to terminate @ Thread[Thread 1 Crawler 1 (initial),5,main]
81415 [Thread 1 Crawler 1 (initial)] ERROR com.crawljax.browser.BrowserPool  - The shutdown thread of the BrowserPool was Interrupted
81415 [Thread 1 Crawler 1 (initial)] INFO  com.crawljax.core.CrawljaxController  - Interaction Element= "HopelessColleen HooverKindle Edition(1,432 customer reviews)$3.99Amazon Gift Card - E-mail - All...(9,067 customer reviews)$50.00Kindle, 6" E Ink Display, Wi-Fi...Amazon Digital Services Inc.(1,710 customer reviews)$69.00Acase Dual Layer iPhone 5 Case...(6 customer reviews)$39.95 $4.95Canon Laser imageCLASS MF4890dw...(27 customer reviews)$595.00 $219.99The Tim Burton CollectionTim BurtonBlu-ray(5 customer reviews)$59.99 $28.993M Streaming Projector Powered by Roku(38 customer reviews)$299.99 $229.95" DIV: class="row s9m4" id="ns_1HE90YWMJP62B8EAGGCQ_6570_r0ItemRow" click xpath /HTML[1]/BODY[1]/DIV[4]/DIV[1]/DIV[8]/DIV[2]/DIV[1]
81415 [Thread 1 Crawler 1 (initial)] INFO  com.crawljax.core.CrawljaxController  - Interaction Element= DIV: class="imageContainer" style="margin-bottom: 6px; margin-top: 0px;" click xpath /HTML[1]/BODY[1]/DIV[5]/DIV[1]/TABLE[1]/TBODY[1]/TR[2]/TD[2]/DIV[1]/DIV[1]/DIV[1]/TABLE[1]/TBODY[1]/TR[1]/TD[2]/DIV[1]/DIV[1]/DIV[1]/DIV[3]/DIV[2]/UL[1]/LI[1]/DIV[1]/SPAN[1]/A[1]/DIV[1]
81415 [Thread 1 Crawler 1 (initial)] INFO  com.crawljax.core.CrawljaxController  - Total Crawling time(81396ms) ~= 1 min, 21 sec
81415 [Thread 1 Crawler 1 (initial)] INFO  com.crawljax.core.CrawljaxController  - EXAMINED ELEMENTS: 456
81415 [Thread 1 Crawler 1 (initial)] INFO  com.crawljax.core.CrawljaxController  - CLICKABLES: 2
81416 [Thread 1 Crawler 1 (initial)] INFO  com.crawljax.core.CrawljaxController  - STATES: 3
81427 [Thread 1 Crawler 1 (initial)] INFO  com.crawljax.core.CrawljaxController  - Dom average size (byte): 293598
81427 [Thread 1 Crawler 1 (initial)] INFO  com.crawljax.core.CrawljaxController  - DONE!!!
81427 [Thread 1 Crawler 1 (initial)] WARN  com.crawljax.core.CrawljaxController  - After 1 min, 21 sec the crawling process was requested to terminate @ Thread[Thread 1 Crawler 1 (initial),5,main]
81427 [Thread 1 Crawler 1 (initial)] ERROR com.crawljax.browser.BrowserPool  - The shutdown thread of the BrowserPool was Interrupted
81428 [Thread 1 Crawler 1 (initial)] INFO  com.crawljax.core.CrawljaxController  - Interaction Element= "HopelessColleen HooverKindle Edition(1,432 customer reviews)$3.99Amazon Gift Card - E-mail - All...(9,067 customer reviews)$50.00Kindle, 6" E Ink Display, Wi-Fi...Amazon Digital Services Inc.(1,710 customer reviews)$69.00Acase Dual Layer iPhone 5 Case...(6 customer reviews)$39.95 $4.95Canon Laser imageCLASS MF4890dw...(27 customer reviews)$595.00 $219.99The Tim Burton CollectionTim BurtonBlu-ray(5 customer reviews)$59.99 $28.993M Streaming Projector Powered by Roku(38 customer reviews)$299.99 $229.95" DIV: class="row s9m4" id="ns_1HE90YWMJP62B8EAGGCQ_6570_r0ItemRow" click xpath /HTML[1]/BODY[1]/DIV[4]/DIV[1]/DIV[8]/DIV[2]/DIV[1]
81428 [Thread 1 Crawler 1 (initial)] INFO  com.crawljax.core.CrawljaxController  - Interaction Element= DIV: class="imageContainer" style="margin-bottom: 6px; margin-top: 0px;" click xpath /HTML[1]/BODY[1]/DIV[5]/DIV[1]/TABLE[1]/TBODY[1]/TR[2]/TD[2]/DIV[1]/DIV[1]/DIV[1]/TABLE[1]/TBODY[1]/TR[1]/TD[2]/DIV[1]/DIV[1]/DIV[1]/DIV[3]/DIV[2]/UL[1]/LI[1]/DIV[1]/SPAN[1]/A[1]/DIV[1]
81428 [Thread 1 Crawler 1 (initial)] INFO  com.crawljax.core.CrawljaxController  - Total Crawling time(81409ms) ~= 1 min, 21 sec
81428 [Thread 1 Crawler 1 (initial)] INFO  com.crawljax.core.CrawljaxController  - EXAMINED ELEMENTS: 456
81428 [Thread 1 Crawler 1 (initial)] INFO  com.crawljax.core.CrawljaxController  - CLICKABLES: 2
81428 [Thread 1 Crawler 1 (initial)] INFO  com.crawljax.core.CrawljaxController  - STATES: 3
81442 [Thread 1 Crawler 1 (initial)] INFO  com.crawljax.core.CrawljaxController  - Dom average size (byte): 293598
81442 [Thread 1 Crawler 1 (initial)] INFO  com.crawljax.core.CrawljaxController  - DONE!!!
81442 [Thread 1 Crawler 1 (initial)] INFO  com.crawljax.core.CrawlerExecutor  - Finished executing
81442 [Thread 1 Crawler 1 (initial)] INFO  com.crawljax.core.CrawlerExecutor  - All Crawlers finished executing, now shutting down
81443 [main] INFO  com.crawljax.core.CrawlerExecutor  - CrawlerExecutor terminated
81443 [main] INFO  com.crawljax.core.plugin.CrawljaxPluginsUtil  - Running PostCrawlingPlugins...
81443 [Browser closing Thread] INFO  com.crawljax.browser.WebDriverBackedEmbeddedBrowser  - Closing the browser...
81982 [main] INFO  com.crawljax.core.CrawljaxController  - Interaction Element= "HopelessColleen HooverKindle Edition(1,432 customer reviews)$3.99Amazon Gift Card - E-mail - All...(9,067 customer reviews)$50.00Kindle, 6" E Ink Display, Wi-Fi...Amazon Digital Services Inc.(1,710 customer reviews)$69.00Acase Dual Layer iPhone 5 Case...(6 customer reviews)$39.95 $4.95Canon Laser imageCLASS MF4890dw...(27 customer reviews)$595.00 $219.99The Tim Burton CollectionTim BurtonBlu-ray(5 customer reviews)$59.99 $28.993M Streaming Projector Powered by Roku(38 customer reviews)$299.99 $229.95" DIV: class="row s9m4" id="ns_1HE90YWMJP62B8EAGGCQ_6570_r0ItemRow" click xpath /HTML[1]/BODY[1]/DIV[4]/DIV[1]/DIV[8]/DIV[2]/DIV[1]
81983 [main] INFO  com.crawljax.core.CrawljaxController  - Interaction Element= DIV: class="imageContainer" style="margin-bottom: 6px; margin-top: 0px;" click xpath /HTML[1]/BODY[1]/DIV[5]/DIV[1]/TABLE[1]/TBODY[1]/TR[2]/TD[2]/DIV[1]/DIV[1]/DIV[1]/TABLE[1]/TBODY[1]/TR[1]/TD[2]/DIV[1]/DIV[1]/DIV[1]/DIV[3]/DIV[2]/UL[1]/LI[1]/DIV[1]/SPAN[1]/A[1]/DIV[1]
81983 [main] INFO  com.crawljax.core.CrawljaxController  - Total Crawling time(81424ms) ~= 1 min, 21 sec
81983 [main] INFO  com.crawljax.core.CrawljaxController  - EXAMINED ELEMENTS: 456
81983 [main] INFO  com.crawljax.core.CrawljaxController  - CLICKABLES: 2
81983 [main] INFO  com.crawljax.core.CrawljaxController  - STATES: 3
81995 [main] INFO  com.crawljax.core.CrawljaxController  - Dom average size (byte): 293598
81995 [main] INFO  com.crawljax.core.CrawljaxController  - DONE!!!
